Removed Pin From Net: NetName=NetJ1_R Pin=J1-RN
Removed Pin From Net: NetName=NetJ1_R Pin=J1-SN
Removed Pin From Net: NetName=NetJ1_R Pin=J1-TN
Removed Pin From Net: NetName=NetJ2_R Pin=J2-RN
Removed Pin From Net: NetName=NetJ2_R Pin=J2-SN
Removed Pin From Net: NetName=NetJ2_R Pin=J2-TN
Change Component Comment : Designator=J1 Old Comment=ACJS-MHOM New Comment=NMJ6HCD2
Change Component Comment : Designator=J2 Old Comment=ACJS-MHOM New Comment=NMJ6HCD2
Change component parameters: Designator = "J1"; UniqueID = "\DDGHTMQU"
Change component parameters. Clean all parameters for all variants
Change component parameters: Designator = "J2"; UniqueID = "\GMHJWLCH"
Change component parameters. Clean all parameters for all variants
Added Component: Designator=P7(HDR1X3)
Add component. Clean all parameters for all variants
Add component (AddParameter): Name = "LatestRevisionDate"; Value = "17-Jul-2002"; VariantName = "[No Variations]"
Add component (AddParameter): Name = "LatestRevisionNote"; Value = "Re-released for DXP Platform."; VariantName = "[No Variations]"
Add component (AddParameter): Name = "Publisher"; Value = "Altium Limited"; VariantName = "[No Variations]"
Added Component: Designator=P8(HDR1X3)
Add component. Clean all parameters for all variants
Add component (AddParameter): Name = "LatestRevisionDate"; Value = "17-Jul-2002"; VariantName = "[No Variations]"
Add component (AddParameter): Name = "LatestRevisionNote"; Value = "Re-released for DXP Platform."; VariantName = "[No Variations]"
Add component (AddParameter): Name = "Publisher"; Value = "Altium Limited"; VariantName = "[No Variations]"
Added Pin To Net: NetName=NetJ4_R Pin=P7-1
Added Pin To Net: NetName=NetJ4_R Pin=P7-3
Added Net: Name=NetJ4_R
Added Pin To Net: NetName=NetJ4_T Pin=P7-2
Added Net: Name=NetJ4_T
Added Pin To Net: NetName=NetJ5_R Pin=P8-1
Added Pin To Net: NetName=NetJ5_R Pin=P8-3
Added Net: Name=NetJ5_R
Added Pin To Net: NetName=NetJ5_T Pin=P8-2
Added Net: Name=NetJ5_T
Added Member To Class: ClassName=IOBoard Member=Component P7 Header 3
Added Member To Class: ClassName=IOBoard Member=Component P8 Header 3
Added Room: Name=IOBoard
