Removed Member From Class: ClassName=LED[0..7] Member=LED6
Removed Member From Class: ClassName=LED[0..7] Member=LED7
Removed Member From Class: ClassName=SW[0..5] Member=SW4
Removed Member From Class: ClassName=SW[0..5] Member=SW5
Added Component: Designator=C1(0805)
Add component. Clean all parameters for all variants
Added Component: Designator=C2(0805)
Add component. Clean all parameters for all variants
Added Component: Designator=C3(0805)
Add component. Clean all parameters for all variants
Added Component: Designator=C4(0805)
Add component. Clean all parameters for all variants
Added Component: Designator=C5(0805)
Add component. Clean all parameters for all variants
Added Component: Designator=C6(0805)
Add component. Clean all parameters for all variants
Added Component: Designator=C7(0805)
Add component. Clean all parameters for all variants
Added Component: Designator=C8(RAD-0.2)
Add component. Clean all parameters for all variants
Added Component: Designator=C9(RAD-0.2)
Add component. Clean all parameters for all variants
Added Component: Designator=C10(6-0805_L)
Add component. Clean all parameters for all variants
Add component (AddParameter): Name = "LatestRevisionDate"; Value = "17-Jul-2002"; VariantName = "[No Variations]"
Add component (AddParameter): Name = "LatestRevisionNote"; Value = "Re-released for DXP Platform."; VariantName = "[No Variations]"
Add component (AddParameter): Name = "PackageDescription"; Value = "Radial Cap, Thru-Hole; 2 Leads; 0.3 in Pin Spacing"; VariantName = "[No Variations]"
Add component (AddParameter): Name = "PackageReference"; Value = "RAD-0.3"; VariantName = "[No Variations]"
Add component (AddParameter): Name = "Published"; Value = "8-Jun-2000"; VariantName = "[No Variations]"
Add component (AddParameter): Name = "Publisher"; Value = "Altium Limited"; VariantName = "[No Variations]"
Add component (AddParameter): Name = "Value"; Value = "0.1uF"; VariantName = "[No Variations]"
Added Component: Designator=C11(6-0805_L)
Add component. Clean all parameters for all variants
Add component (AddParameter): Name = "LatestRevisionDate"; Value = "17-Jul-2002"; VariantName = "[No Variations]"
Add component (AddParameter): Name = "LatestRevisionNote"; Value = "Re-released for DXP Platform."; VariantName = "[No Variations]"
Add component (AddParameter): Name = "PackageDescription"; Value = "Radial Cap, Thru-Hole; 2 Leads; 0.3 in Pin Spacing"; VariantName = "[No Variations]"
Add component (AddParameter): Name = "PackageReference"; Value = "RAD-0.3"; VariantName = "[No Variations]"
Add component (AddParameter): Name = "Published"; Value = "8-Jun-2000"; VariantName = "[No Variations]"
Add component (AddParameter): Name = "Publisher"; Value = "Altium Limited"; VariantName = "[No Variations]"
Add component (AddParameter): Name = "Value"; Value = "0.1uF"; VariantName = "[No Variations]"
Added Component: Designator=C12(6-0805_L)
Add component. Clean all parameters for all variants
Add component (AddParameter): Name = "LatestRevisionDate"; Value = "17-Jul-2002"; VariantName = "[No Variations]"
Add component (AddParameter): Name = "LatestRevisionNote"; Value = "Re-released for DXP Platform."; VariantName = "[No Variations]"
Add component (AddParameter): Name = "PackageDescription"; Value = "Radial Cap, Thru-Hole; 2 Leads; 0.3 in Pin Spacing"; VariantName = "[No Variations]"
Add component (AddParameter): Name = "PackageReference"; Value = "RAD-0.3"; VariantName = "[No Variations]"
Add component (AddParameter): Name = "Published"; Value = "8-Jun-2000"; VariantName = "[No Variations]"
Add component (AddParameter): Name = "Publisher"; Value = "Altium Limited"; VariantName = "[No Variations]"
Add component (AddParameter): Name = "Value"; Value = "0.1uF"; VariantName = "[No Variations]"
Added Component: Designator=C13(6-0805_L)
Add component. Clean all parameters for all variants
Add component (AddParameter): Name = "LatestRevisionDate"; Value = "17-Jul-2002"; VariantName = "[No Variations]"
Add component (AddParameter): Name = "LatestRevisionNote"; Value = "Re-released for DXP Platform."; VariantName = "[No Variations]"
Add component (AddParameter): Name = "PackageDescription"; Value = "Radial Cap, Thru-Hole; 2 Leads; 0.3 in Pin Spacing"; VariantName = "[No Variations]"
Add component (AddParameter): Name = "PackageReference"; Value = "RAD-0.3"; VariantName = "[No Variations]"
Add component (AddParameter): Name = "Published"; Value = "8-Jun-2000"; VariantName = "[No Variations]"
Add component (AddParameter): Name = "Publisher"; Value = "Altium Limited"; VariantName = "[No Variations]"
Add component (AddParameter): Name = "Value"; Value = "0.1uF"; VariantName = "[No Variations]"
Added Component: Designator=C14(6-0805_L)
Add component. Clean all parameters for all variants
Add component (AddParameter): Name = "LatestRevisionDate"; Value = "17-Jul-2002"; VariantName = "[No Variations]"
Add component (AddParameter): Name = "LatestRevisionNote"; Value = "Re-released for DXP Platform."; VariantName = "[No Variations]"
Add component (AddParameter): Name = "PackageDescription"; Value = "Radial Cap, Thru-Hole; 2 Leads; 0.3 in Pin Spacing"; VariantName = "[No Variations]"
Add component (AddParameter): Name = "PackageReference"; Value = "RAD-0.3"; VariantName = "[No Variations]"
Add component (AddParameter): Name = "Published"; Value = "8-Jun-2000"; VariantName = "[No Variations]"
Add component (AddParameter): Name = "Publisher"; Value = "Altium Limited"; VariantName = "[No Variations]"
Add component (AddParameter): Name = "Value"; Value = "0.1uF"; VariantName = "[No Variations]"
Added Component: Designator=C15_Receiver1(0805)
Add component. Clean all parameters for all variants
Added Component: Designator=C15_Receiver2(0805)
Add component. Clean all parameters for all variants
Added Component: Designator=C16(0805)
Add component. Clean all parameters for all variants
Added Component: Designator=C17(RB7.6-15)
Add component. Clean all parameters for all variants
Add component (AddParameter): Name = "LatestRevisionDate"; Value = "17-Jul-2002"; VariantName = "[No Variations]"
Add component (AddParameter): Name = "LatestRevisionNote"; Value = "Re-released for DXP Platform."; VariantName = "[No Variations]"
Add component (AddParameter): Name = "PackageDescription"; Value = "Polarized Capacitor (Radial); 2 Leads"; VariantName = "[No Variations]"
Add component (AddParameter): Name = "PackageReference"; Value = "RB7.6-15"; VariantName = "[No Variations]"
Add component (AddParameter): Name = "Published"; Value = "8-Jun-2000"; VariantName = "[No Variations]"
Add component (AddParameter): Name = "Publisher"; Value = "Altium Limited"; VariantName = "[No Variations]"
Add component (AddParameter): Name = "Value"; Value = "100pF"; VariantName = "[No Variations]"
Added Component: Designator=C18(0805)
Add component. Clean all parameters for all variants
Added Component: Designator=C19(0805)
Add component. Clean all parameters for all variants
Added Component: Designator=C20(RB7.6-15)
Add component. Clean all parameters for all variants
Add component (AddParameter): Name = "LatestRevisionDate"; Value = "17-Jul-2002"; VariantName = "[No Variations]"
Add component (AddParameter): Name = "LatestRevisionNote"; Value = "Re-released for DXP Platform."; VariantName = "[No Variations]"
Add component (AddParameter): Name = "PackageDescription"; Value = "Polarized Capacitor (Radial); 2 Leads"; VariantName = "[No Variations]"
Add component (AddParameter): Name = "PackageReference"; Value = "RB7.6-15"; VariantName = "[No Variations]"
Add component (AddParameter): Name = "Published"; Value = "8-Jun-2000"; VariantName = "[No Variations]"
Add component (AddParameter): Name = "Publisher"; Value = "Altium Limited"; VariantName = "[No Variations]"
Add component (AddParameter): Name = "Value"; Value = "100pF"; VariantName = "[No Variations]"
Added Component: Designator=C21(0805)
Add component. Clean all parameters for all variants
Added Component: Designator=C22(RB7.6-15)
Add component. Clean all parameters for all variants
Add component (AddParameter): Name = "LatestRevisionDate"; Value = "17-Jul-2002"; VariantName = "[No Variations]"
Add component (AddParameter): Name = "LatestRevisionNote"; Value = "Re-released for DXP Platform."; VariantName = "[No Variations]"
Add component (AddParameter): Name = "PackageDescription"; Value = "Polarized Capacitor (Radial); 2 Leads"; VariantName = "[No Variations]"
Add component (AddParameter): Name = "PackageReference"; Value = "RB7.6-15"; VariantName = "[No Variations]"
Add component (AddParameter): Name = "Published"; Value = "8-Jun-2000"; VariantName = "[No Variations]"
Add component (AddParameter): Name = "Publisher"; Value = "Altium Limited"; VariantName = "[No Variations]"
Add component (AddParameter): Name = "Value"; Value = "100pF"; VariantName = "[No Variations]"
Added Component: Designator=C23(0805)
Add component. Clean all parameters for all variants
Added Component: Designator=C24(0805)
Add component. Clean all parameters for all variants
Added Component: Designator=C25(RB7.6-15)
Add component. Clean all parameters for all variants
Add component (AddParameter): Name = "LatestRevisionDate"; Value = "17-Jul-2002"; VariantName = "[No Variations]"
Add component (AddParameter): Name = "LatestRevisionNote"; Value = "Re-released for DXP Platform."; VariantName = "[No Variations]"
Add component (AddParameter): Name = "PackageDescription"; Value = "Polarized Capacitor (Radial); 2 Leads"; VariantName = "[No Variations]"
Add component (AddParameter): Name = "PackageReference"; Value = "RB7.6-15"; VariantName = "[No Variations]"
Add component (AddParameter): Name = "Published"; Value = "8-Jun-2000"; VariantName = "[No Variations]"
Add component (AddParameter): Name = "Publisher"; Value = "Altium Limited"; VariantName = "[No Variations]"
Add component (AddParameter): Name = "Value"; Value = "100pF"; VariantName = "[No Variations]"
Added Component: Designator=C26(RAD-0.2)
Add component. Clean all parameters for all variants
Added Component: Designator=C27(6-0805_L)
Add component. Clean all parameters for all variants
Add component (AddParameter): Name = "LatestRevisionDate"; Value = "17-Jul-2002"; VariantName = "[No Variations]"
Add component (AddParameter): Name = "LatestRevisionNote"; Value = "Re-released for DXP Platform."; VariantName = "[No Variations]"
Add component (AddParameter): Name = "PackageDescription"; Value = "Radial Cap, Thru-Hole; 2 Leads; 0.3 in Pin Spacing"; VariantName = "[No Variations]"
Add component (AddParameter): Name = "PackageReference"; Value = "RAD-0.3"; VariantName = "[No Variations]"
Add component (AddParameter): Name = "Published"; Value = "8-Jun-2000"; VariantName = "[No Variations]"
Add component (AddParameter): Name = "Publisher"; Value = "Altium Limited"; VariantName = "[No Variations]"
Add component (AddParameter): Name = "Value"; Value = "0.1uF"; VariantName = "[No Variations]"
Added Component: Designator=C28(6-0805_L)
Add component. Clean all parameters for all variants
Add component (AddParameter): Name = "LatestRevisionDate"; Value = "17-Jul-2002"; VariantName = "[No Variations]"
Add component (AddParameter): Name = "LatestRevisionNote"; Value = "Re-released for DXP Platform."; VariantName = "[No Variations]"
Add component (AddParameter): Name = "PackageDescription"; Value = "Radial Cap, Thru-Hole; 2 Leads; 0.3 in Pin Spacing"; VariantName = "[No Variations]"
Add component (AddParameter): Name = "PackageReference"; Value = "RAD-0.3"; VariantName = "[No Variations]"
Add component (AddParameter): Name = "Published"; Value = "8-Jun-2000"; VariantName = "[No Variations]"
Add component (AddParameter): Name = "Publisher"; Value = "Altium Limited"; VariantName = "[No Variations]"
Add component (AddParameter): Name = "Value"; Value = "0.1uF"; VariantName = "[No Variations]"
Added Component: Designator=C29(6-0805_L)
Add component. Clean all parameters for all variants
Add component (AddParameter): Name = "LatestRevisionDate"; Value = "17-Jul-2002"; VariantName = "[No Variations]"
Add component (AddParameter): Name = "LatestRevisionNote"; Value = "Re-released for DXP Platform."; VariantName = "[No Variations]"
Add component (AddParameter): Name = "PackageDescription"; Value = "Radial Cap, Thru-Hole; 2 Leads; 0.3 in Pin Spacing"; VariantName = "[No Variations]"
Add component (AddParameter): Name = "PackageReference"; Value = "RAD-0.3"; VariantName = "[No Variations]"
Add component (AddParameter): Name = "Published"; Value = "8-Jun-2000"; VariantName = "[No Variations]"
Add component (AddParameter): Name = "Publisher"; Value = "Altium Limited"; VariantName = "[No Variations]"
Add component (AddParameter): Name = "Value"; Value = "0.1uF"; VariantName = "[No Variations]"
Added Component: Designator=C30_Receiver1(RB7.6-15)
Add component. Clean all parameters for all variants
Add component (AddParameter): Name = "LatestRevisionDate"; Value = "17-Jul-2002"; VariantName = "[No Variations]"
Add component (AddParameter): Name = "LatestRevisionNote"; Value = "Re-released for DXP Platform."; VariantName = "[No Variations]"
Add component (AddParameter): Name = "PackageDescription"; Value = "Polarized Capacitor (Radial); 2 Leads"; VariantName = "[No Variations]"
Add component (AddParameter): Name = "PackageReference"; Value = "RB7.6-15"; VariantName = "[No Variations]"
Add component (AddParameter): Name = "Published"; Value = "8-Jun-2000"; VariantName = "[No Variations]"
Add component (AddParameter): Name = "Publisher"; Value = "Altium Limited"; VariantName = "[No Variations]"
Add component (AddParameter): Name = "Value"; Value = "10uF"; VariantName = "[No Variations]"
Added Component: Designator=C30_Receiver2(RB7.6-15)
Add component. Clean all parameters for all variants
Add component (AddParameter): Name = "LatestRevisionDate"; Value = "17-Jul-2002"; VariantName = "[No Variations]"
Add component (AddParameter): Name = "LatestRevisionNote"; Value = "Re-released for DXP Platform."; VariantName = "[No Variations]"
Add component (AddParameter): Name = "PackageDescription"; Value = "Polarized Capacitor (Radial); 2 Leads"; VariantName = "[No Variations]"
Add component (AddParameter): Name = "PackageReference"; Value = "RB7.6-15"; VariantName = "[No Variations]"
Add component (AddParameter): Name = "Published"; Value = "8-Jun-2000"; VariantName = "[No Variations]"
Add component (AddParameter): Name = "Publisher"; Value = "Altium Limited"; VariantName = "[No Variations]"
Add component (AddParameter): Name = "Value"; Value = "10uF"; VariantName = "[No Variations]"
Added Component: Designator=C31_Receiver1(0805)
Add component. Clean all parameters for all variants
Added Component: Designator=C31_Receiver2(0805)
Add component. Clean all parameters for all variants
Added Component: Designator=C32_Receiver1(6-0805_L)
Add component. Clean all parameters for all variants
Add component (AddParameter): Name = "LatestRevisionDate"; Value = "17-Jul-2002"; VariantName = "[No Variations]"
Add component (AddParameter): Name = "LatestRevisionNote"; Value = "Re-released for DXP Platform."; VariantName = "[No Variations]"
Add component (AddParameter): Name = "PackageDescription"; Value = "Radial Cap, Thru-Hole; 2 Leads; 0.3 in Pin Spacing"; VariantName = "[No Variations]"
Add component (AddParameter): Name = "PackageReference"; Value = "RAD-0.3"; VariantName = "[No Variations]"
Add component (AddParameter): Name = "Published"; Value = "8-Jun-2000"; VariantName = "[No Variations]"
Add component (AddParameter): Name = "Publisher"; Value = "Altium Limited"; VariantName = "[No Variations]"
Add component (AddParameter): Name = "Value"; Value = "0.1uF"; VariantName = "[No Variations]"
Added Component: Designator=C32_Receiver2(6-0805_L)
Add component. Clean all parameters for all variants
Add component (AddParameter): Name = "LatestRevisionDate"; Value = "17-Jul-2002"; VariantName = "[No Variations]"
Add component (AddParameter): Name = "LatestRevisionNote"; Value = "Re-released for DXP Platform."; VariantName = "[No Variations]"
Add component (AddParameter): Name = "PackageDescription"; Value = "Radial Cap, Thru-Hole; 2 Leads; 0.3 in Pin Spacing"; VariantName = "[No Variations]"
Add component (AddParameter): Name = "PackageReference"; Value = "RAD-0.3"; VariantName = "[No Variations]"
Add component (AddParameter): Name = "Published"; Value = "8-Jun-2000"; VariantName = "[No Variations]"
Add component (AddParameter): Name = "Publisher"; Value = "Altium Limited"; VariantName = "[No Variations]"
Add component (AddParameter): Name = "Value"; Value = "0.1uF"; VariantName = "[No Variations]"
Added Component: Designator=D1(3.2X1.6X1.1)
Add component. Clean all parameters for all variants
Add component (AddParameter): Name = "LatestRevisionDate"; Value = "17-Jul-2002"; VariantName = "[No Variations]"
Add component (AddParameter): Name = "LatestRevisionNote"; Value = "Re-released for DXP Platform."; VariantName = "[No Variations]"
Add component (AddParameter): Name = "PackageDescription"; Value = "SM LED; 2 Flat Leads"; VariantName = "[No Variations]"
Add component (AddParameter): Name = "PackageReference"; Value = "3.2X1.6X1.1"; VariantName = "[No Variations]"
Add component (AddParameter): Name = "PackageVersion"; Value = "Feb-2002"; VariantName = "[No Variations]"
Add component (AddParameter): Name = "Published"; Value = "8-Jun-2000"; VariantName = "[No Variations]"
Add component (AddParameter): Name = "Publisher"; Value = "Altium Limited"; VariantName = "[No Variations]"
Added Component: Designator=K1(EA2-5SNJ)
Add component. Clean all parameters for all variants
Added Component: Designator=K2(EA2-5SNJ)
Add component. Clean all parameters for all variants
Added Component: Designator=K3(EA2-5SNJ)
Add component. Clean all parameters for all variants
Added Component: Designator=K4(EA2-5SNJ)
Add component. Clean all parameters for all variants
Added Component: Designator=K5_Receiver1(EA2-5SNJ)
Add component. Clean all parameters for all variants
Added Component: Designator=K5_Receiver2(EA2-5SNJ)
Add component. Clean all parameters for all variants
Added Component: Designator=P1(HDR1X4)
Add component. Clean all parameters for all variants
Add component (AddParameter): Name = "LatestRevisionDate"; Value = "17-Jul-2002"; VariantName = "[No Variations]"
Add component (AddParameter): Name = "LatestRevisionNote"; Value = "Re-released for DXP Platform."; VariantName = "[No Variations]"
Add component (AddParameter): Name = "Publisher"; Value = "Altium Limited"; VariantName = "[No Variations]"
Added Component: Designator=P2(HDR1X4)
Add component. Clean all parameters for all variants
Add component (AddParameter): Name = "LatestRevisionDate"; Value = "17-Jul-2002"; VariantName = "[No Variations]"
Add component (AddParameter): Name = "LatestRevisionNote"; Value = "Re-released for DXP Platform."; VariantName = "[No Variations]"
Add component (AddParameter): Name = "Publisher"; Value = "Altium Limited"; VariantName = "[No Variations]"
Added Component: Designator=P3(HDR2X3)
Add component. Clean all parameters for all variants
Add component (AddParameter): Name = "LatestRevisionDate"; Value = "17-Jul-2002"; VariantName = "[No Variations]"
Add component (AddParameter): Name = "LatestRevisionNote"; Value = "Re-released for DXP Platform."; VariantName = "[No Variations]"
Add component (AddParameter): Name = "Publisher"; Value = "Altium Limited"; VariantName = "[No Variations]"
Added Component: Designator=P4(HDR1X4)
Add component. Clean all parameters for all variants
Add component (AddParameter): Name = "LatestRevisionDate"; Value = "17-Jul-2002"; VariantName = "[No Variations]"
Add component (AddParameter): Name = "LatestRevisionNote"; Value = "Re-released for DXP Platform."; VariantName = "[No Variations]"
Add component (AddParameter): Name = "Publisher"; Value = "Altium Limited"; VariantName = "[No Variations]"
Added Component: Designator=P5_Receiver1(HDR1X12)
Add component. Clean all parameters for all variants
Add component (AddParameter): Name = "LatestRevisionDate"; Value = "17-Jul-2002"; VariantName = "[No Variations]"
Add component (AddParameter): Name = "LatestRevisionNote"; Value = "Re-released for DXP Platform."; VariantName = "[No Variations]"
Add component (AddParameter): Name = "Publisher"; Value = "Altium Limited"; VariantName = "[No Variations]"
Added Component: Designator=P5_Receiver2(HDR1X12)
Add component. Clean all parameters for all variants
Add component (AddParameter): Name = "LatestRevisionDate"; Value = "17-Jul-2002"; VariantName = "[No Variations]"
Add component (AddParameter): Name = "LatestRevisionNote"; Value = "Re-released for DXP Platform."; VariantName = "[No Variations]"
Add component (AddParameter): Name = "Publisher"; Value = "Altium Limited"; VariantName = "[No Variations]"
Added Component: Designator=P6(HDR1X6)
Add component. Clean all parameters for all variants
Add component (AddParameter): Name = "LatestRevisionDate"; Value = "17-Jul-2002"; VariantName = "[No Variations]"
Add component (AddParameter): Name = "LatestRevisionNote"; Value = "Re-released for DXP Platform."; VariantName = "[No Variations]"
Add component (AddParameter): Name = "Publisher"; Value = "Altium Limited"; VariantName = "[No Variations]"
Added Component: Designator=P7(HDR1X2)
Add component. Clean all parameters for all variants
Add component (AddParameter): Name = "LatestRevisionDate"; Value = "17-Jul-2002"; VariantName = "[No Variations]"
Add component (AddParameter): Name = "LatestRevisionNote"; Value = "Re-released for DXP Platform."; VariantName = "[No Variations]"
Add component (AddParameter): Name = "Publisher"; Value = "Altium Limited"; VariantName = "[No Variations]"
Added Component: Designator=P8(HDR1X2)
Add component. Clean all parameters for all variants
Add component (AddParameter): Name = "LatestRevisionDate"; Value = "17-Jul-2002"; VariantName = "[No Variations]"
Add component (AddParameter): Name = "LatestRevisionNote"; Value = "Re-released for DXP Platform."; VariantName = "[No Variations]"
Add component (AddParameter): Name = "Publisher"; Value = "Altium Limited"; VariantName = "[No Variations]"
Added Component: Designator=P9(HDR1X2)
Add component. Clean all parameters for all variants
Add component (AddParameter): Name = "LatestRevisionDate"; Value = "17-Jul-2002"; VariantName = "[No Variations]"
Add component (AddParameter): Name = "LatestRevisionNote"; Value = "Re-released for DXP Platform."; VariantName = "[No Variations]"
Add component (AddParameter): Name = "Publisher"; Value = "Altium Limited"; VariantName = "[No Variations]"
Added Component: Designator=P10(HDR1X2)
Add component. Clean all parameters for all variants
Add component (AddParameter): Name = "LatestRevisionDate"; Value = "17-Jul-2002"; VariantName = "[No Variations]"
Add component (AddParameter): Name = "LatestRevisionNote"; Value = "Re-released for DXP Platform."; VariantName = "[No Variations]"
Add component (AddParameter): Name = "Publisher"; Value = "Altium Limited"; VariantName = "[No Variations]"
Added Component: Designator=P11(HDR1X2)
Add component. Clean all parameters for all variants
Add component (AddParameter): Name = "LatestRevisionDate"; Value = "17-Jul-2002"; VariantName = "[No Variations]"
Add component (AddParameter): Name = "LatestRevisionNote"; Value = "Re-released for DXP Platform."; VariantName = "[No Variations]"
Add component (AddParameter): Name = "Publisher"; Value = "Altium Limited"; VariantName = "[No Variations]"
Added Component: Designator=P12(HDR1X2)
Add component. Clean all parameters for all variants
Add component (AddParameter): Name = "LatestRevisionDate"; Value = "17-Jul-2002"; VariantName = "[No Variations]"
Add component (AddParameter): Name = "LatestRevisionNote"; Value = "Re-released for DXP Platform."; VariantName = "[No Variations]"
Add component (AddParameter): Name = "Publisher"; Value = "Altium Limited"; VariantName = "[No Variations]"
Added Component: Designator=P13(HDR1X2)
Add component. Clean all parameters for all variants
Add component (AddParameter): Name = "LatestRevisionDate"; Value = "17-Jul-2002"; VariantName = "[No Variations]"
Add component (AddParameter): Name = "LatestRevisionNote"; Value = "Re-released for DXP Platform."; VariantName = "[No Variations]"
Add component (AddParameter): Name = "Publisher"; Value = "Altium Limited"; VariantName = "[No Variations]"
Added Component: Designator=P14(HDR1X2)
Add component. Clean all parameters for all variants
Add component (AddParameter): Name = "LatestRevisionDate"; Value = "17-Jul-2002"; VariantName = "[No Variations]"
Add component (AddParameter): Name = "LatestRevisionNote"; Value = "Re-released for DXP Platform."; VariantName = "[No Variations]"
Add component (AddParameter): Name = "Publisher"; Value = "Altium Limited"; VariantName = "[No Variations]"
Added Component: Designator=P15(HDR1X2)
Add component. Clean all parameters for all variants
Add component (AddParameter): Name = "LatestRevisionDate"; Value = "17-Jul-2002"; VariantName = "[No Variations]"
Add component (AddParameter): Name = "LatestRevisionNote"; Value = "Re-released for DXP Platform."; VariantName = "[No Variations]"
Add component (AddParameter): Name = "Publisher"; Value = "Altium Limited"; VariantName = "[No Variations]"
Added Component: Designator=P16(HDR1X2)
Add component. Clean all parameters for all variants
Add component (AddParameter): Name = "LatestRevisionDate"; Value = "17-Jul-2002"; VariantName = "[No Variations]"
Add component (AddParameter): Name = "LatestRevisionNote"; Value = "Re-released for DXP Platform."; VariantName = "[No Variations]"
Add component (AddParameter): Name = "Publisher"; Value = "Altium Limited"; VariantName = "[No Variations]"
Added Component: Designator=Q1_Receiver1(NXP-SOT23_N)
Add component. Clean all parameters for all variants
Add component (AddParameter): Name = "Channel Type"; Value = "N"; VariantName = "[No Variations]"
Add component (AddParameter): Name = "Ciss [typ] (pF)"; Value = "11"; VariantName = "[No Variations]"
Add component (AddParameter): Name = "Code_JEDEC"; Value = "TO-236AB"; VariantName = "[No Variations]"
Add component (AddParameter): Name = "ComponentLink1Description"; Value = "Manufacturer URL"; VariantName = "[No Variations]"
Add component (AddParameter): Name = "ComponentLink1URL"; Value = "http://www.nxp.com/"; VariantName = "[No Variations]"
Add component (AddParameter): Name = "ComponentLink2Description"; Value = "Datasheet"; VariantName = "[No Variations]"
Add component (AddParameter): Name = "ComponentLink2URL"; Value = "http://www.nxp.com/documents/data_sheet/NX7002AK.pdf"; VariantName = "[No Variations]"
Add component (AddParameter): Name = "ComponentLink3Description"; Value = "Package Specification"; VariantName = "[No Variations]"
Add component (AddParameter): Name = "ComponentLink3URL"; Value = "http://www.nxp.com/documents/outline_drawing/sot023_po.pdf"; VariantName = "[No Variations]"
Add component (AddParameter): Name = "Coss [typ] (pF)"; Value = "3.4"; VariantName = "[No Variations]"
Add component (AddParameter): Name = "DatasheetVersion"; Value = "Rev. 5"; VariantName = "[No Variations]"
Add component (AddParameter): Name = "Manufacturer"; Value = "NXP Semiconductors"; VariantName = "[No Variations]"
Add component (AddParameter): Name = "Mounting Technology"; Value = "Surface Mount"; VariantName = "[No Variations]"
Add component (AddParameter): Name = "PackageDescription"; Value = "3-Pin Small Outline Transistor Package, Body 2.9 x 1.3 mm, Pitch 0.95 mm"; VariantName = "[No Variations]"
Add component (AddParameter): Name = "PackageReference"; Value = "SOT23"; VariantName = "[No Variations]"
Add component (AddParameter): Name = "PackageVersion"; Value = "06-03-16, 03/2006"; VariantName = "[No Variations]"
Add component (AddParameter): Name = "Packing"; Value = "Tape & Reel"; VariantName = "[No Variations]"
Add component (AddParameter): Name = "PartNumber"; Value = "NX7002AK,215"; VariantName = "[No Variations]"
Add component (AddParameter): Name = "Supplier 1"; Value = "Digi-Key"; VariantName = "[No Variations]"
Add component (AddParameter): Name = "Supplier 2"; Value = "Digi-Key"; VariantName = "[No Variations]"
Add component (AddParameter): Name = "Supplier 3"; Value = "Digi-Key"; VariantName = "[No Variations]"
Add component (AddParameter): Name = "Supplier 4"; Value = "Mouser"; VariantName = "[No Variations]"
Add component (AddParameter): Name = "Supplier Part Number 1"; Value = "568-10510-2-ND"; VariantName = "[No Variations]"
Add component (AddParameter): Name = "Supplier Part Number 2"; Value = "568-10510-1-ND"; VariantName = "[No Variations]"
Add component (AddParameter): Name = "Supplier Part Number 3"; Value = "568-10510-6-ND"; VariantName = "[No Variations]"
Add component (AddParameter): Name = "Supplier Part Number 4"; Value = "771-NX7002AK,215"; VariantName = "[No Variations]"
Add component (AddParameter): Name = "VDS [max] (V)"; Value = "60"; VariantName = "[No Variations]"
Add component (AddParameter): Name = "VGSth [typ] (V)"; Value = "1.6"; VariantName = "[No Variations]"
Added Component: Designator=Q1_Receiver2(NXP-SOT23_N)
Add component. Clean all parameters for all variants
Add component (AddParameter): Name = "Channel Type"; Value = "N"; VariantName = "[No Variations]"
Add component (AddParameter): Name = "Ciss [typ] (pF)"; Value = "11"; VariantName = "[No Variations]"
Add component (AddParameter): Name = "Code_JEDEC"; Value = "TO-236AB"; VariantName = "[No Variations]"
Add component (AddParameter): Name = "ComponentLink1Description"; Value = "Manufacturer URL"; VariantName = "[No Variations]"
Add component (AddParameter): Name = "ComponentLink1URL"; Value = "http://www.nxp.com/"; VariantName = "[No Variations]"
Add component (AddParameter): Name = "ComponentLink2Description"; Value = "Datasheet"; VariantName = "[No Variations]"
Add component (AddParameter): Name = "ComponentLink2URL"; Value = "http://www.nxp.com/documents/data_sheet/NX7002AK.pdf"; VariantName = "[No Variations]"
Add component (AddParameter): Name = "ComponentLink3Description"; Value = "Package Specification"; VariantName = "[No Variations]"
Add component (AddParameter): Name = "ComponentLink3URL"; Value = "http://www.nxp.com/documents/outline_drawing/sot023_po.pdf"; VariantName = "[No Variations]"
Add component (AddParameter): Name = "Coss [typ] (pF)"; Value = "3.4"; VariantName = "[No Variations]"
Add component (AddParameter): Name = "DatasheetVersion"; Value = "Rev. 5"; VariantName = "[No Variations]"
Add component (AddParameter): Name = "Manufacturer"; Value = "NXP Semiconductors"; VariantName = "[No Variations]"
Add component (AddParameter): Name = "Mounting Technology"; Value = "Surface Mount"; VariantName = "[No Variations]"
Add component (AddParameter): Name = "PackageDescription"; Value = "3-Pin Small Outline Transistor Package, Body 2.9 x 1.3 mm, Pitch 0.95 mm"; VariantName = "[No Variations]"
Add component (AddParameter): Name = "PackageReference"; Value = "SOT23"; VariantName = "[No Variations]"
Add component (AddParameter): Name = "PackageVersion"; Value = "06-03-16, 03/2006"; VariantName = "[No Variations]"
Add component (AddParameter): Name = "Packing"; Value = "Tape & Reel"; VariantName = "[No Variations]"
Add component (AddParameter): Name = "PartNumber"; Value = "NX7002AK,215"; VariantName = "[No Variations]"
Add component (AddParameter): Name = "Supplier 1"; Value = "Digi-Key"; VariantName = "[No Variations]"
Add component (AddParameter): Name = "Supplier 2"; Value = "Digi-Key"; VariantName = "[No Variations]"
Add component (AddParameter): Name = "Supplier 3"; Value = "Digi-Key"; VariantName = "[No Variations]"
Add component (AddParameter): Name = "Supplier 4"; Value = "Mouser"; VariantName = "[No Variations]"
Add component (AddParameter): Name = "Supplier Part Number 1"; Value = "568-10510-2-ND"; VariantName = "[No Variations]"
Add component (AddParameter): Name = "Supplier Part Number 2"; Value = "568-10510-1-ND"; VariantName = "[No Variations]"
Add component (AddParameter): Name = "Supplier Part Number 3"; Value = "568-10510-6-ND"; VariantName = "[No Variations]"
Add component (AddParameter): Name = "Supplier Part Number 4"; Value = "771-NX7002AK,215"; VariantName = "[No Variations]"
Add component (AddParameter): Name = "VDS [max] (V)"; Value = "60"; VariantName = "[No Variations]"
Add component (AddParameter): Name = "VGSth [typ] (V)"; Value = "1.6"; VariantName = "[No Variations]"
Added Component: Designator=Q2_Receiver1(NXP-SOT23_N)
Add component. Clean all parameters for all variants
Add component (AddParameter): Name = "Channel Type"; Value = "N"; VariantName = "[No Variations]"
Add component (AddParameter): Name = "Ciss [typ] (pF)"; Value = "11"; VariantName = "[No Variations]"
Add component (AddParameter): Name = "Code_JEDEC"; Value = "TO-236AB"; VariantName = "[No Variations]"
Add component (AddParameter): Name = "ComponentLink1Description"; Value = "Manufacturer URL"; VariantName = "[No Variations]"
Add component (AddParameter): Name = "ComponentLink1URL"; Value = "http://www.nxp.com/"; VariantName = "[No Variations]"
Add component (AddParameter): Name = "ComponentLink2Description"; Value = "Datasheet"; VariantName = "[No Variations]"
Add component (AddParameter): Name = "ComponentLink2URL"; Value = "http://www.nxp.com/documents/data_sheet/NX7002AK.pdf"; VariantName = "[No Variations]"
Add component (AddParameter): Name = "ComponentLink3Description"; Value = "Package Specification"; VariantName = "[No Variations]"
Add component (AddParameter): Name = "ComponentLink3URL"; Value = "http://www.nxp.com/documents/outline_drawing/sot023_po.pdf"; VariantName = "[No Variations]"
Add component (AddParameter): Name = "Coss [typ] (pF)"; Value = "3.4"; VariantName = "[No Variations]"
Add component (AddParameter): Name = "DatasheetVersion"; Value = "Rev. 5"; VariantName = "[No Variations]"
Add component (AddParameter): Name = "Manufacturer"; Value = "NXP Semiconductors"; VariantName = "[No Variations]"
Add component (AddParameter): Name = "Mounting Technology"; Value = "Surface Mount"; VariantName = "[No Variations]"
Add component (AddParameter): Name = "PackageDescription"; Value = "3-Pin Small Outline Transistor Package, Body 2.9 x 1.3 mm, Pitch 0.95 mm"; VariantName = "[No Variations]"
Add component (AddParameter): Name = "PackageReference"; Value = "SOT23"; VariantName = "[No Variations]"
Add component (AddParameter): Name = "PackageVersion"; Value = "06-03-16, 03/2006"; VariantName = "[No Variations]"
Add component (AddParameter): Name = "Packing"; Value = "Tape & Reel"; VariantName = "[No Variations]"
Add component (AddParameter): Name = "PartNumber"; Value = "NX7002AK,215"; VariantName = "[No Variations]"
Add component (AddParameter): Name = "Supplier 1"; Value = "Digi-Key"; VariantName = "[No Variations]"
Add component (AddParameter): Name = "Supplier 2"; Value = "Digi-Key"; VariantName = "[No Variations]"
Add component (AddParameter): Name = "Supplier 3"; Value = "Digi-Key"; VariantName = "[No Variations]"
Add component (AddParameter): Name = "Supplier 4"; Value = "Mouser"; VariantName = "[No Variations]"
Add component (AddParameter): Name = "Supplier Part Number 1"; Value = "568-10510-2-ND"; VariantName = "[No Variations]"
Add component (AddParameter): Name = "Supplier Part Number 2"; Value = "568-10510-1-ND"; VariantName = "[No Variations]"
Add component (AddParameter): Name = "Supplier Part Number 3"; Value = "568-10510-6-ND"; VariantName = "[No Variations]"
Add component (AddParameter): Name = "Supplier Part Number 4"; Value = "771-NX7002AK,215"; VariantName = "[No Variations]"
Add component (AddParameter): Name = "VDS [max] (V)"; Value = "60"; VariantName = "[No Variations]"
Add component (AddParameter): Name = "VGSth [typ] (V)"; Value = "1.6"; VariantName = "[No Variations]"
Added Component: Designator=Q2_Receiver2(NXP-SOT23_N)
Add component. Clean all parameters for all variants
Add component (AddParameter): Name = "Channel Type"; Value = "N"; VariantName = "[No Variations]"
Add component (AddParameter): Name = "Ciss [typ] (pF)"; Value = "11"; VariantName = "[No Variations]"
Add component (AddParameter): Name = "Code_JEDEC"; Value = "TO-236AB"; VariantName = "[No Variations]"
Add component (AddParameter): Name = "ComponentLink1Description"; Value = "Manufacturer URL"; VariantName = "[No Variations]"
Add component (AddParameter): Name = "ComponentLink1URL"; Value = "http://www.nxp.com/"; VariantName = "[No Variations]"
Add component (AddParameter): Name = "ComponentLink2Description"; Value = "Datasheet"; VariantName = "[No Variations]"
Add component (AddParameter): Name = "ComponentLink2URL"; Value = "http://www.nxp.com/documents/data_sheet/NX7002AK.pdf"; VariantName = "[No Variations]"
Add component (AddParameter): Name = "ComponentLink3Description"; Value = "Package Specification"; VariantName = "[No Variations]"
Add component (AddParameter): Name = "ComponentLink3URL"; Value = "http://www.nxp.com/documents/outline_drawing/sot023_po.pdf"; VariantName = "[No Variations]"
Add component (AddParameter): Name = "Coss [typ] (pF)"; Value = "3.4"; VariantName = "[No Variations]"
Add component (AddParameter): Name = "DatasheetVersion"; Value = "Rev. 5"; VariantName = "[No Variations]"
Add component (AddParameter): Name = "Manufacturer"; Value = "NXP Semiconductors"; VariantName = "[No Variations]"
Add component (AddParameter): Name = "Mounting Technology"; Value = "Surface Mount"; VariantName = "[No Variations]"
Add component (AddParameter): Name = "PackageDescription"; Value = "3-Pin Small Outline Transistor Package, Body 2.9 x 1.3 mm, Pitch 0.95 mm"; VariantName = "[No Variations]"
Add component (AddParameter): Name = "PackageReference"; Value = "SOT23"; VariantName = "[No Variations]"
Add component (AddParameter): Name = "PackageVersion"; Value = "06-03-16, 03/2006"; VariantName = "[No Variations]"
Add component (AddParameter): Name = "Packing"; Value = "Tape & Reel"; VariantName = "[No Variations]"
Add component (AddParameter): Name = "PartNumber"; Value = "NX7002AK,215"; VariantName = "[No Variations]"
Add component (AddParameter): Name = "Supplier 1"; Value = "Digi-Key"; VariantName = "[No Variations]"
Add component (AddParameter): Name = "Supplier 2"; Value = "Digi-Key"; VariantName = "[No Variations]"
Add component (AddParameter): Name = "Supplier 3"; Value = "Digi-Key"; VariantName = "[No Variations]"
Add component (AddParameter): Name = "Supplier 4"; Value = "Mouser"; VariantName = "[No Variations]"
Add component (AddParameter): Name = "Supplier Part Number 1"; Value = "568-10510-2-ND"; VariantName = "[No Variations]"
Add component (AddParameter): Name = "Supplier Part Number 2"; Value = "568-10510-1-ND"; VariantName = "[No Variations]"
Add component (AddParameter): Name = "Supplier Part Number 3"; Value = "568-10510-6-ND"; VariantName = "[No Variations]"
Add component (AddParameter): Name = "Supplier Part Number 4"; Value = "771-NX7002AK,215"; VariantName = "[No Variations]"
Add component (AddParameter): Name = "VDS [max] (V)"; Value = "60"; VariantName = "[No Variations]"
Add component (AddParameter): Name = "VGSth [typ] (V)"; Value = "1.6"; VariantName = "[No Variations]"
Added Component: Designator=Q3(SOT23_M)
Add component. Clean all parameters for all variants
Add component (AddParameter): Name = "ComponentLink1Description"; Value = "Manufacturer Link"; VariantName = "[No Variations]"
Add component (AddParameter): Name = "ComponentLink1URL"; Value = "http://www.fairchildsemi.com/"; VariantName = "[No Variations]"
Add component (AddParameter): Name = "ComponentLink2Description"; Value = "Datasheet"; VariantName = "[No Variations]"
Add component (AddParameter): Name = "ComponentLink2URL"; Value = "http://www.fairchildsemi.com/ds/2N%2F2N3904.pdf"; VariantName = "[No Variations]"
Add component (AddParameter): Name = "DatasheetVersion"; Value = "1997"; VariantName = "[No Variations]"
Add component (AddParameter): Name = "LatestRevisionDate"; Value = "15-Jan-2003"; VariantName = "[No Variations]"
Add component (AddParameter): Name = "LatestRevisionNote"; Value = "PCB Footprint 'BCY-W3/D4.7' replaced"; VariantName = "[No Variations]"
Add component (AddParameter): Name = "PackageDescription"; Value = "TO, Flat Index; 3 In-Line, Axial Leads; Body Dia. 4.5mm; Leads 0.51 x 0.48 mm (max)"; VariantName = "[No Variations]"
Add component (AddParameter): Name = "PackageReference"; Value = "TO-92A"; VariantName = "[No Variations]"
Add component (AddParameter): Name = "PackageVersion"; Value = "Sep-1998"; VariantName = "[No Variations]"
Add component (AddParameter): Name = "Published"; Value = "8-Jun-2000"; VariantName = "[No Variations]"
Add component (AddParameter): Name = "Publisher"; Value = "Altium Limited"; VariantName = "[No Variations]"
Added Component: Designator=Q4(SOT23_M)
Add component. Clean all parameters for all variants
Add component (AddParameter): Name = "ComponentLink1Description"; Value = "Manufacturer Link"; VariantName = "[No Variations]"
Add component (AddParameter): Name = "ComponentLink1URL"; Value = "http://www.fairchildsemi.com/"; VariantName = "[No Variations]"
Add component (AddParameter): Name = "ComponentLink2Description"; Value = "Datasheet"; VariantName = "[No Variations]"
Add component (AddParameter): Name = "ComponentLink2URL"; Value = "http://www.fairchildsemi.com/ds/2N%2F2N3904.pdf"; VariantName = "[No Variations]"
Add component (AddParameter): Name = "DatasheetVersion"; Value = "1997"; VariantName = "[No Variations]"
Add component (AddParameter): Name = "LatestRevisionDate"; Value = "15-Jan-2003"; VariantName = "[No Variations]"
Add component (AddParameter): Name = "LatestRevisionNote"; Value = "PCB Footprint 'BCY-W3/D4.7' replaced"; VariantName = "[No Variations]"
Add component (AddParameter): Name = "PackageDescription"; Value = "TO, Flat Index; 3 In-Line, Axial Leads; Body Dia. 4.5mm; Leads 0.51 x 0.48 mm (max)"; VariantName = "[No Variations]"
Add component (AddParameter): Name = "PackageReference"; Value = "TO-92A"; VariantName = "[No Variations]"
Add component (AddParameter): Name = "PackageVersion"; Value = "Sep-1998"; VariantName = "[No Variations]"
Add component (AddParameter): Name = "Published"; Value = "8-Jun-2000"; VariantName = "[No Variations]"
Add component (AddParameter): Name = "Publisher"; Value = "Altium Limited"; VariantName = "[No Variations]"
Added Component: Designator=Q5(SOT23_M)
Add component. Clean all parameters for all variants
Add component (AddParameter): Name = "ComponentLink1Description"; Value = "Manufacturer Link"; VariantName = "[No Variations]"
Add component (AddParameter): Name = "ComponentLink1URL"; Value = "http://www.fairchildsemi.com/"; VariantName = "[No Variations]"
Add component (AddParameter): Name = "ComponentLink2Description"; Value = "Datasheet"; VariantName = "[No Variations]"
Add component (AddParameter): Name = "ComponentLink2URL"; Value = "http://www.fairchildsemi.com/ds/2N%2F2N3904.pdf"; VariantName = "[No Variations]"
Add component (AddParameter): Name = "DatasheetVersion"; Value = "1997"; VariantName = "[No Variations]"
Add component (AddParameter): Name = "LatestRevisionDate"; Value = "15-Jan-2003"; VariantName = "[No Variations]"
Add component (AddParameter): Name = "LatestRevisionNote"; Value = "PCB Footprint 'BCY-W3/D4.7' replaced"; VariantName = "[No Variations]"
Add component (AddParameter): Name = "PackageDescription"; Value = "TO, Flat Index; 3 In-Line, Axial Leads; Body Dia. 4.5mm; Leads 0.51 x 0.48 mm (max)"; VariantName = "[No Variations]"
Add component (AddParameter): Name = "PackageReference"; Value = "TO-92A"; VariantName = "[No Variations]"
Add component (AddParameter): Name = "PackageVersion"; Value = "Sep-1998"; VariantName = "[No Variations]"
Add component (AddParameter): Name = "Published"; Value = "8-Jun-2000"; VariantName = "[No Variations]"
Add component (AddParameter): Name = "Publisher"; Value = "Altium Limited"; VariantName = "[No Variations]"
Added Component: Designator=Q6(SOT23_M)
Add component. Clean all parameters for all variants
Add component (AddParameter): Name = "ComponentLink1Description"; Value = "Manufacturer Link"; VariantName = "[No Variations]"
Add component (AddParameter): Name = "ComponentLink1URL"; Value = "http://www.fairchildsemi.com/"; VariantName = "[No Variations]"
Add component (AddParameter): Name = "ComponentLink2Description"; Value = "Datasheet"; VariantName = "[No Variations]"
Add component (AddParameter): Name = "ComponentLink2URL"; Value = "http://www.fairchildsemi.com/ds/2N%2F2N3904.pdf"; VariantName = "[No Variations]"
Add component (AddParameter): Name = "DatasheetVersion"; Value = "1997"; VariantName = "[No Variations]"
Add component (AddParameter): Name = "LatestRevisionDate"; Value = "15-Jan-2003"; VariantName = "[No Variations]"
Add component (AddParameter): Name = "LatestRevisionNote"; Value = "PCB Footprint 'BCY-W3/D4.7' replaced"; VariantName = "[No Variations]"
Add component (AddParameter): Name = "PackageDescription"; Value = "TO, Flat Index; 3 In-Line, Axial Leads; Body Dia. 4.5mm; Leads 0.51 x 0.48 mm (max)"; VariantName = "[No Variations]"
Add component (AddParameter): Name = "PackageReference"; Value = "TO-92A"; VariantName = "[No Variations]"
Add component (AddParameter): Name = "PackageVersion"; Value = "Sep-1998"; VariantName = "[No Variations]"
Add component (AddParameter): Name = "Published"; Value = "8-Jun-2000"; VariantName = "[No Variations]"
Add component (AddParameter): Name = "Publisher"; Value = "Altium Limited"; VariantName = "[No Variations]"
Added Component: Designator=Q7(SOT23_M)
Add component. Clean all parameters for all variants
Add component (AddParameter): Name = "ComponentLink1Description"; Value = "Manufacturer Link"; VariantName = "[No Variations]"
Add component (AddParameter): Name = "ComponentLink1URL"; Value = "http://www.fairchildsemi.com/"; VariantName = "[No Variations]"
Add component (AddParameter): Name = "ComponentLink2Description"; Value = "Datasheet"; VariantName = "[No Variations]"
Add component (AddParameter): Name = "ComponentLink2URL"; Value = "http://www.fairchildsemi.com/ds/2N%2F2N3904.pdf"; VariantName = "[No Variations]"
Add component (AddParameter): Name = "DatasheetVersion"; Value = "1997"; VariantName = "[No Variations]"
Add component (AddParameter): Name = "LatestRevisionDate"; Value = "15-Jan-2003"; VariantName = "[No Variations]"
Add component (AddParameter): Name = "LatestRevisionNote"; Value = "PCB Footprint 'BCY-W3/D4.7' replaced"; VariantName = "[No Variations]"
Add component (AddParameter): Name = "PackageDescription"; Value = "TO, Flat Index; 3 In-Line, Axial Leads; Body Dia. 4.5mm; Leads 0.51 x 0.48 mm (max)"; VariantName = "[No Variations]"
Add component (AddParameter): Name = "PackageReference"; Value = "TO-92A"; VariantName = "[No Variations]"
Add component (AddParameter): Name = "PackageVersion"; Value = "Sep-1998"; VariantName = "[No Variations]"
Add component (AddParameter): Name = "Published"; Value = "8-Jun-2000"; VariantName = "[No Variations]"
Add component (AddParameter): Name = "Publisher"; Value = "Altium Limited"; VariantName = "[No Variations]"
Added Component: Designator=Q8(SOT23_M)
Add component. Clean all parameters for all variants
Add component (AddParameter): Name = "ComponentLink1Description"; Value = "Manufacturer Link"; VariantName = "[No Variations]"
Add component (AddParameter): Name = "ComponentLink1URL"; Value = "http://www.fairchildsemi.com/"; VariantName = "[No Variations]"
Add component (AddParameter): Name = "ComponentLink2Description"; Value = "Datasheet"; VariantName = "[No Variations]"
Add component (AddParameter): Name = "ComponentLink2URL"; Value = "http://www.fairchildsemi.com/ds/2N%2F2N3904.pdf"; VariantName = "[No Variations]"
Add component (AddParameter): Name = "DatasheetVersion"; Value = "1997"; VariantName = "[No Variations]"
Add component (AddParameter): Name = "LatestRevisionDate"; Value = "15-Jan-2003"; VariantName = "[No Variations]"
Add component (AddParameter): Name = "LatestRevisionNote"; Value = "PCB Footprint 'BCY-W3/D4.7' replaced"; VariantName = "[No Variations]"
Add component (AddParameter): Name = "PackageDescription"; Value = "TO, Flat Index; 3 In-Line, Axial Leads; Body Dia. 4.5mm; Leads 0.51 x 0.48 mm (max)"; VariantName = "[No Variations]"
Add component (AddParameter): Name = "PackageReference"; Value = "TO-92A"; VariantName = "[No Variations]"
Add component (AddParameter): Name = "PackageVersion"; Value = "Sep-1998"; VariantName = "[No Variations]"
Add component (AddParameter): Name = "Published"; Value = "8-Jun-2000"; VariantName = "[No Variations]"
Add component (AddParameter): Name = "Publisher"; Value = "Altium Limited"; VariantName = "[No Variations]"
Added Component: Designator=Q9(SOT23_M)
Add component. Clean all parameters for all variants
Add component (AddParameter): Name = "ComponentLink1Description"; Value = "Manufacturer Link"; VariantName = "[No Variations]"
Add component (AddParameter): Name = "ComponentLink1URL"; Value = "http://www.fairchildsemi.com/"; VariantName = "[No Variations]"
Add component (AddParameter): Name = "ComponentLink2Description"; Value = "Datasheet"; VariantName = "[No Variations]"
Add component (AddParameter): Name = "ComponentLink2URL"; Value = "http://www.fairchildsemi.com/ds/2N%2F2N3904.pdf"; VariantName = "[No Variations]"
Add component (AddParameter): Name = "DatasheetVersion"; Value = "1997"; VariantName = "[No Variations]"
Add component (AddParameter): Name = "LatestRevisionDate"; Value = "15-Jan-2003"; VariantName = "[No Variations]"
Add component (AddParameter): Name = "LatestRevisionNote"; Value = "PCB Footprint 'BCY-W3/D4.7' replaced"; VariantName = "[No Variations]"
Add component (AddParameter): Name = "PackageDescription"; Value = "TO, Flat Index; 3 In-Line, Axial Leads; Body Dia. 4.5mm; Leads 0.51 x 0.48 mm (max)"; VariantName = "[No Variations]"
Add component (AddParameter): Name = "PackageReference"; Value = "TO-92A"; VariantName = "[No Variations]"
Add component (AddParameter): Name = "PackageVersion"; Value = "Sep-1998"; VariantName = "[No Variations]"
Add component (AddParameter): Name = "Published"; Value = "8-Jun-2000"; VariantName = "[No Variations]"
Add component (AddParameter): Name = "Publisher"; Value = "Altium Limited"; VariantName = "[No Variations]"
Added Component: Designator=Q10(SOT23_M)
Add component. Clean all parameters for all variants
Add component (AddParameter): Name = "ComponentLink1Description"; Value = "Manufacturer Link"; VariantName = "[No Variations]"
Add component (AddParameter): Name = "ComponentLink1URL"; Value = "http://www.fairchildsemi.com/"; VariantName = "[No Variations]"
Add component (AddParameter): Name = "ComponentLink2Description"; Value = "Datasheet"; VariantName = "[No Variations]"
Add component (AddParameter): Name = "ComponentLink2URL"; Value = "http://www.fairchildsemi.com/ds/2N%2F2N3904.pdf"; VariantName = "[No Variations]"
Add component (AddParameter): Name = "DatasheetVersion"; Value = "1997"; VariantName = "[No Variations]"
Add component (AddParameter): Name = "LatestRevisionDate"; Value = "15-Jan-2003"; VariantName = "[No Variations]"
Add component (AddParameter): Name = "LatestRevisionNote"; Value = "PCB Footprint 'BCY-W3/D4.7' replaced"; VariantName = "[No Variations]"
Add component (AddParameter): Name = "PackageDescription"; Value = "TO, Flat Index; 3 In-Line, Axial Leads; Body Dia. 4.5mm; Leads 0.51 x 0.48 mm (max)"; VariantName = "[No Variations]"
Add component (AddParameter): Name = "PackageReference"; Value = "TO-92A"; VariantName = "[No Variations]"
Add component (AddParameter): Name = "PackageVersion"; Value = "Sep-1998"; VariantName = "[No Variations]"
Add component (AddParameter): Name = "Published"; Value = "8-Jun-2000"; VariantName = "[No Variations]"
Add component (AddParameter): Name = "Publisher"; Value = "Altium Limited"; VariantName = "[No Variations]"
Added Component: Designator=R1(0805)
Add component. Clean all parameters for all variants
Added Component: Designator=R2(0805)
Add component. Clean all parameters for all variants
Added Component: Designator=R3(0805)
Add component. Clean all parameters for all variants
Added Component: Designator=R4(0805)
Add component. Clean all parameters for all variants
Added Component: Designator=R5(0805)
Add component. Clean all parameters for all variants
Added Component: Designator=R6(0805)
Add component. Clean all parameters for all variants
Added Component: Designator=R7(0805)
Add component. Clean all parameters for all variants
Added Component: Designator=R8(0805)
Add component. Clean all parameters for all variants
Added Component: Designator=R9(0805)
Add component. Clean all parameters for all variants
Added Component: Designator=R10(0805)
Add component. Clean all parameters for all variants
Added Component: Designator=R11_Receiver1(0805)
Add component. Clean all parameters for all variants
Added Component: Designator=R11_Receiver2(0805)
Add component. Clean all parameters for all variants
Added Component: Designator=R12_Receiver1(0805)
Add component. Clean all parameters for all variants
Added Component: Designator=R12_Receiver2(0805)
Add component. Clean all parameters for all variants
Added Component: Designator=R13_Receiver1(0805)
Add component. Clean all parameters for all variants
Added Component: Designator=R13_Receiver2(0805)
Add component. Clean all parameters for all variants
Added Component: Designator=R14_Receiver1(0805)
Add component. Clean all parameters for all variants
Added Component: Designator=R14_Receiver2(0805)
Add component. Clean all parameters for all variants
Added Component: Designator=R15_Receiver1(0805)
Add component. Clean all parameters for all variants
Added Component: Designator=R15_Receiver2(0805)
Add component. Clean all parameters for all variants
Added Component: Designator=R16(0805)
Add component. Clean all parameters for all variants
Added Component: Designator=R17(0805)
Add component. Clean all parameters for all variants
Added Component: Designator=R18(0805)
Add component. Clean all parameters for all variants
Added Component: Designator=R19(0805)
Add component. Clean all parameters for all variants
Added Component: Designator=R20(0805)
Add component. Clean all parameters for all variants
Added Component: Designator=R21(0805)
Add component. Clean all parameters for all variants
Added Component: Designator=R22(0805)
Add component. Clean all parameters for all variants
Added Component: Designator=R23(0805)
Add component. Clean all parameters for all variants
Added Component: Designator=R24(0805)
Add component. Clean all parameters for all variants
Added Component: Designator=R25(0805)
Add component. Clean all parameters for all variants
Added Component: Designator=R26(0805)
Add component. Clean all parameters for all variants
Added Component: Designator=R27(0805)
Add component. Clean all parameters for all variants
Added Component: Designator=R28(0805)
Add component. Clean all parameters for all variants
Added Component: Designator=R29(0805)
Add component. Clean all parameters for all variants
Added Component: Designator=R30(0805)
Add component. Clean all parameters for all variants
Added Component: Designator=R31(0805)
Add component. Clean all parameters for all variants
Added Component: Designator=R32(0805)
Add component. Clean all parameters for all variants
Added Component: Designator=R33(0805)
Add component. Clean all parameters for all variants
Added Component: Designator=R34(0805)
Add component. Clean all parameters for all variants
Added Component: Designator=R35(0805)
Add component. Clean all parameters for all variants
Added Component: Designator=R36(0805)
Add component. Clean all parameters for all variants
Added Component: Designator=R37(0805)
Add component. Clean all parameters for all variants
Added Component: Designator=R38(0805)
Add component. Clean all parameters for all variants
Added Component: Designator=R39(0805)
Add component. Clean all parameters for all variants
Added Component: Designator=R40(0805)
Add component. Clean all parameters for all variants
Added Component: Designator=R41(0805)
Add component. Clean all parameters for all variants
Added Component: Designator=R42(0805)
Add component. Clean all parameters for all variants
Added Component: Designator=R43(0805)
Add component. Clean all parameters for all variants
Added Component: Designator=U1(TQFP48)
Add component. Clean all parameters for all variants
Added Component: Designator=U2(SOIC10)
Add component. Clean all parameters for all variants
Added Component: Designator=U3(SOIC14)
Add component. Clean all parameters for all variants
Added Component: Designator=U4(SOIC10)
Add component. Clean all parameters for all variants
Added Component: Designator=U5(SOIC10)
Add component. Clean all parameters for all variants
Added Component: Designator=U6_Receiver1(TO-263_N)
Add component. Clean all parameters for all variants
Add component (AddParameter): Name = "ComponentLink1Description"; Value = "Manufacturer URL"; VariantName = "[No Variations]"
Add component (AddParameter): Name = "ComponentLink1URL"; Value = "http://www.st.com"; VariantName = "[No Variations]"
Add component (AddParameter): Name = "ComponentLink2Description"; Value = "Datasheet"; VariantName = "[No Variations]"
Add component (AddParameter): Name = "ComponentLink2URL"; Value = "http://www.st.com/internet/com/TECHNICAL_RESOURCES/TECHNICAL_LITERATURE/DATASHEET/CD00000455.pdf"; VariantName = "[No Variations]"
Add component (AddParameter): Name = "DatasheetVersion"; Value = "Nov-2011"; VariantName = "[No Variations]"
Add component (AddParameter): Name = "PackageDescription"; Value = "3-Pin Transistor Outline Package 2.54 mm Pitch, 15.4 mm Lead Span (D2PAK)"; VariantName = "[No Variations]"
Add component (AddParameter): Name = "PackageReference"; Value = "TO-263"; VariantName = "[No Variations]"
Add component (AddParameter): Name = "PackageVersion"; Value = "2011"; VariantName = "[No Variations]"
Add component (AddParameter): Name = "PartNumber"; Value = "LM317D2T-TR"; VariantName = "[No Variations]"
Added Component: Designator=U6_Receiver2(TO-263_N)
Add component. Clean all parameters for all variants
Add component (AddParameter): Name = "ComponentLink1Description"; Value = "Manufacturer URL"; VariantName = "[No Variations]"
Add component (AddParameter): Name = "ComponentLink1URL"; Value = "http://www.st.com"; VariantName = "[No Variations]"
Add component (AddParameter): Name = "ComponentLink2Description"; Value = "Datasheet"; VariantName = "[No Variations]"
Add component (AddParameter): Name = "ComponentLink2URL"; Value = "http://www.st.com/internet/com/TECHNICAL_RESOURCES/TECHNICAL_LITERATURE/DATASHEET/CD00000455.pdf"; VariantName = "[No Variations]"
Add component (AddParameter): Name = "DatasheetVersion"; Value = "Nov-2011"; VariantName = "[No Variations]"
Add component (AddParameter): Name = "PackageDescription"; Value = "3-Pin Transistor Outline Package 2.54 mm Pitch, 15.4 mm Lead Span (D2PAK)"; VariantName = "[No Variations]"
Add component (AddParameter): Name = "PackageReference"; Value = "TO-263"; VariantName = "[No Variations]"
Add component (AddParameter): Name = "PackageVersion"; Value = "2011"; VariantName = "[No Variations]"
Add component (AddParameter): Name = "PartNumber"; Value = "LM317D2T-TR"; VariantName = "[No Variations]"
Added Component: Designator=U7(SOIC8)
Add component. Clean all parameters for all variants
Added Component: Designator=U8(TO220)
Add component. Clean all parameters for all variants
Add component (AddParameter): Name = "ComponentLink1Description"; Value = "Manufacturer URL"; VariantName = "[No Variations]"
Add component (AddParameter): Name = "ComponentLink1URL"; Value = "http://www.st.com"; VariantName = "[No Variations]"
Add component (AddParameter): Name = "ComponentLink2Description"; Value = "Datasheet"; VariantName = "[No Variations]"
Add component (AddParameter): Name = "ComponentLink2URL"; Value = "http://www.st.com/internet/com/TECHNICAL_RESOURCES/TECHNICAL_LITERATURE/DATASHEET/CD00000444.pdf"; VariantName = "[No Variations]"
Add component (AddParameter): Name = "ComponentLink3Description"; Value = "Package Specification"; VariantName = "[No Variations]"
Add component (AddParameter): Name = "ComponentLink3URL"; Value = "http://www.st.com/internet/com/TECHNICAL_RESOURCES/TECHNICAL_LITERATURE/PACKAGE_INFORMATION/CD00004649.pdf"; VariantName = "[No Variations]"
Add component (AddParameter): Name = "DatasheetVersion"; Value = "Nov-2011"; VariantName = "[No Variations]"
Add component (AddParameter): Name = "PackageDescription"; Value = "TO, Thru-Hole, Vertical, Heatsink Mounted; 3 In-Line Leads; Pitch 2.54 mm"; VariantName = "[No Variations]"
Add component (AddParameter): Name = "PackageReference"; Value = "TO220"; VariantName = "[No Variations]"
Add component (AddParameter): Name = "PackageVersion"; Value = "ver3.0"; VariantName = "[No Variations]"
Add component (AddParameter): Name = "PartNumber"; Value = "L7805CV"; VariantName = "[No Variations]"
Added Pin To Net: NetName=5V Pin=C1-1
Added Pin To Net: NetName=GND Pin=C1-2
Added Pin To Net: NetName=5V Pin=C2-1
Added Pin To Net: NetName=GND Pin=C2-2
Added Pin To Net: NetName=5V Pin=C3-1
Added Pin To Net: NetName=GND Pin=C3-2
Added Pin To Net: NetName=5V Pin=C4-1
Added Pin To Net: NetName=GND Pin=C4-2
Added Pin To Net: NetName=GND Pin=C5-1
Added Pin To Net: NetName=5V Pin=C5-2
Added Pin To Net: NetName=GND Pin=C6-1
Added Pin To Net: NetName=5V Pin=C6-2
Added Pin To Net: NetName=GND Pin=C7-1
Added Pin To Net: NetName=NetC7_2 Pin=C7-2
Added Pin To Net: NetName=A+B Pin=C8-1
Added Pin To Net: NetName=NetC8_2 Pin=C8-2
Added Pin To Net: NetName=B Pin=C9-1
Added Pin To Net: NetName=NetC9_2 Pin=C9-2
Added Pin To Net: NetName=GND Pin=C12-1
Added Pin To Net: NetName=5V Pin=C12-2
Added Pin To Net: NetName=GND Pin=C15_Receiver1-1
Added Pin To Net: NetName=VCC_Receiver1 Pin=C15_Receiver1-2
Added Pin To Net: NetName=GND Pin=C15_Receiver2-1
Added Pin To Net: NetName=VCC_Receiver2 Pin=C15_Receiver2-2
Added Pin To Net: NetName=24V Pin=C16-1
Added Pin To Net: NetName=GND Pin=C16-2
Added Pin To Net: NetName=24V Pin=C17-1
Added Pin To Net: NetName=GND Pin=C17-2
Added Pin To Net: NetName=24V Pin=C18-1
Added Pin To Net: NetName=GND Pin=C18-2
Added Pin To Net: NetName=GND Pin=C19-2
Added Pin To Net: NetName=GND Pin=C20-2
Added Pin To Net: NetName=GND Pin=C21-2
Added Pin To Net: NetName=GND Pin=C22-2
Added Pin To Net: NetName=24V Pin=C23-1
Added Pin To Net: NetName=GND Pin=C23-2
Added Pin To Net: NetName=5V Pin=C24-1
Added Pin To Net: NetName=GND Pin=C24-2
Added Pin To Net: NetName=5V Pin=C25-1
Added Pin To Net: NetName=GND Pin=C25-2
Added Pin To Net: NetName=GND Pin=C27-1
Added Pin To Net: NetName=GND Pin=C29-1
Added Pin To Net: NetName=5V Pin=C29-2
Added Pin To Net: NetName=VCC_Receiver1 Pin=C30_Receiver1-1
Added Pin To Net: NetName=GND Pin=C30_Receiver1-2
Added Pin To Net: NetName=VCC_Receiver2 Pin=C30_Receiver2-1
Added Pin To Net: NetName=GND Pin=C30_Receiver2-2
Added Pin To Net: NetName=GND Pin=C31_Receiver1-1
Added Pin To Net: NetName=+24 Pin=C31_Receiver1-2
Added Pin To Net: NetName=GND Pin=C31_Receiver2-1
Added Pin To Net: NetName=+24 Pin=C31_Receiver2-2
Added Pin To Net: NetName=5V Pin=D1-1
Added Pin To Net: NetName=NetK1_3 Pin=K1-3
Added Pin To Net: NetName=NetC8_2 Pin=K1-4
Added Pin To Net: NetName=A Pin=K1-8
Added Pin To Net: NetName=A Pin=K2-2
Added Pin To Net: NetName=B Pin=K2-4
Added Pin To Net: NetName=GND Pin=K2-7
Added Pin To Net: NetName=GND Pin=K2-8
Added Pin To Net: NetName=GND Pin=K2-9
Added Pin To Net: NetName=B Pin=K3-2
Added Pin To Net: NetName=NetK3_3 Pin=K3-3
Added Pin To Net: NetName=A Pin=K3-4
Added Pin To Net: NetName=GND Pin=K3-7
Added Pin To Net: NetName=GND Pin=K3-8
Added Pin To Net: NetName=GND Pin=K3-9
Added Pin To Net: NetName=NetK3_3 Pin=K4-2
Added Pin To Net: NetName=NetK4_3 Pin=K4-3
Added Pin To Net: NetName=NetC8_2 Pin=K4-4
Added Pin To Net: NetName=A Pin=K4-8
Added Pin To Net: NetName=NetK5_Receiver1_2 Pin=K5_Receiver1-2
Added Pin To Net: NetName=AudioIn1 Pin=K5_Receiver1-3
Added Pin To Net: NetName=SEND_Receiver1 Pin=K5_Receiver1-4
Added Pin To Net: NetName=RETURN_Receiver1 Pin=K5_Receiver1-7
Added Pin To Net: NetName=A Pin=K5_Receiver1-8
Added Pin To Net: NetName=NetK5_Receiver1_2 Pin=K5_Receiver1-9
Added Pin To Net: NetName=NetK5_Receiver2_2 Pin=K5_Receiver2-2
Added Pin To Net: NetName=AudioIn2 Pin=K5_Receiver2-3
Added Pin To Net: NetName=SEND_Receiver2 Pin=K5_Receiver2-4
Added Pin To Net: NetName=RETURN_Receiver2 Pin=K5_Receiver2-7
Added Pin To Net: NetName=B Pin=K5_Receiver2-8
Added Pin To Net: NetName=NetK5_Receiver2_2 Pin=K5_Receiver2-9
Added Pin To Net: NetName=AudioIn1 Pin=P1-1
Added Pin To Net: NetName=GND Pin=P1-2
Added Pin To Net: NetName=GND Pin=P1-3
Added Pin To Net: NetName=AudioIn2 Pin=P1-4
Added Pin To Net: NetName=NetK1_3 Pin=P2-1
Added Pin To Net: NetName=GND Pin=P2-2
Added Pin To Net: NetName=GND Pin=P2-3
Added Pin To Net: NetName=NetK4_3 Pin=P2-4
Added Pin To Net: NetName=NetP3_1 Pin=P3-1
Added Pin To Net: NetName=5V Pin=P3-2
Added Pin To Net: NetName=GND Pin=P3-6
Added Pin To Net: NetName=5V Pin=P4-1
Added Pin To Net: NetName=TWI_SDA Pin=P4-2
Added Pin To Net: NetName=TWI_SCL Pin=P4-3
Added Pin To Net: NetName=GND Pin=P4-4
Added Pin To Net: NetName=GND Pin=P5_Receiver1-1
Added Pin To Net: NetName=NetP5_Receiver1_2 Pin=P5_Receiver1-2
Added Pin To Net: NetName=NetP5_Receiver1_3 Pin=P5_Receiver1-3
Added Pin To Net: NetName=NetP5_Receiver1_4 Pin=P5_Receiver1-4
Added Pin To Net: NetName=NetP5_Receiver1_5 Pin=P5_Receiver1-5
Added Pin To Net: NetName=VCC_CL_Receiver1 Pin=P5_Receiver1-6
Added Pin To Net: NetName=VCC_Receiver1 Pin=P5_Receiver1-7
Added Pin To Net: NetName=GND Pin=P5_Receiver1-8
Added Pin To Net: NetName=SEND_Receiver1 Pin=P5_Receiver1-9
Added Pin To Net: NetName=GND Pin=P5_Receiver1-10
Added Pin To Net: NetName=RETURN_Receiver1 Pin=P5_Receiver1-11
Added Pin To Net: NetName=GND Pin=P5_Receiver1-12
Added Pin To Net: NetName=GND Pin=P5_Receiver2-1
Added Pin To Net: NetName=NetP5_Receiver2_2 Pin=P5_Receiver2-2
Added Pin To Net: NetName=NetP5_Receiver2_3 Pin=P5_Receiver2-3
Added Pin To Net: NetName=NetP5_Receiver2_4 Pin=P5_Receiver2-4
Added Pin To Net: NetName=NetP5_Receiver2_5 Pin=P5_Receiver2-5
Added Pin To Net: NetName=VCC_CL_Receiver2 Pin=P5_Receiver2-6
Added Pin To Net: NetName=VCC_Receiver2 Pin=P5_Receiver2-7
Added Pin To Net: NetName=GND Pin=P5_Receiver2-8
Added Pin To Net: NetName=SEND_Receiver2 Pin=P5_Receiver2-9
Added Pin To Net: NetName=GND Pin=P5_Receiver2-10
Added Pin To Net: NetName=RETURN_Receiver2 Pin=P5_Receiver2-11
Added Pin To Net: NetName=GND Pin=P5_Receiver2-12
Added Pin To Net: NetName=GND Pin=P6-1
Added Pin To Net: NetName=SW0 Pin=P6-2
Added Pin To Net: NetName=SW1 Pin=P6-3
Added Pin To Net: NetName=SW2 Pin=P6-4
Added Pin To Net: NetName=SW3 Pin=P6-5
Added Pin To Net: NetName=GND Pin=P6-6
Added Pin To Net: NetName=NetP7_1 Pin=P7-1
Added Pin To Net: NetName=5V Pin=P7-2
Added Pin To Net: NetName=NetP8_1 Pin=P8-1
Added Pin To Net: NetName=5V Pin=P8-2
Added Pin To Net: NetName=NetP9_1 Pin=P9-1
Added Pin To Net: NetName=5V Pin=P9-2
Added Pin To Net: NetName=NetP10_1 Pin=P10-1
Added Pin To Net: NetName=5V Pin=P10-2
Added Pin To Net: NetName=NetP11_1 Pin=P11-1
Added Pin To Net: NetName=5V Pin=P11-2
Added Pin To Net: NetName=NetP12_1 Pin=P12-1
Added Pin To Net: NetName=5V Pin=P12-2
Added Pin To Net: NetName=NetP13_1 Pin=P13-1
Added Pin To Net: NetName=5V Pin=P13-2
Added Pin To Net: NetName=24V Pin=P14-1
Added Pin To Net: NetName=GND Pin=P14-2
Added Pin To Net: NetName=NetQ1_Receiver1_1 Pin=Q1_Receiver1-1
Added Pin To Net: NetName=GND Pin=Q1_Receiver1-2
Added Pin To Net: NetName=NetQ1_Receiver1_3 Pin=Q1_Receiver1-3
Added Pin To Net: NetName=NetQ1_Receiver2_1 Pin=Q1_Receiver2-1
Added Pin To Net: NetName=GND Pin=Q1_Receiver2-2
Added Pin To Net: NetName=NetQ1_Receiver2_3 Pin=Q1_Receiver2-3
Added Pin To Net: NetName=NetQ2_Receiver1_1 Pin=Q2_Receiver1-1
Added Pin To Net: NetName=GND Pin=Q2_Receiver1-2
Added Pin To Net: NetName=NetQ2_Receiver1_3 Pin=Q2_Receiver1-3
Added Pin To Net: NetName=NetQ2_Receiver2_1 Pin=Q2_Receiver2-1
Added Pin To Net: NetName=GND Pin=Q2_Receiver2-2
Added Pin To Net: NetName=NetQ2_Receiver2_3 Pin=Q2_Receiver2-3
Added Pin To Net: NetName=NetQ3_2 Pin=Q3-2
Added Pin To Net: NetName=NetP7_1 Pin=Q3-3
Added Pin To Net: NetName=NetQ4_2 Pin=Q4-2
Added Pin To Net: NetName=NetP8_1 Pin=Q4-3
Added Pin To Net: NetName=NetQ5_2 Pin=Q5-2
Added Pin To Net: NetName=NetP9_1 Pin=Q5-3
Added Pin To Net: NetName=NetQ6_2 Pin=Q6-2
Added Pin To Net: NetName=NetP10_1 Pin=Q6-3
Added Pin To Net: NetName=NetQ7_2 Pin=Q7-2
Added Pin To Net: NetName=NetQ8_2 Pin=Q8-2
Added Pin To Net: NetName=NetP11_1 Pin=Q8-3
Added Pin To Net: NetName=NetQ9_2 Pin=Q9-2
Added Pin To Net: NetName=NetP12_1 Pin=Q9-3
Added Pin To Net: NetName=NetQ10_2 Pin=Q10-2
Added Pin To Net: NetName=NetP13_1 Pin=Q10-3
Added Pin To Net: NetName=TWI_SDA Pin=R1-1
Added Pin To Net: NetName=5V Pin=R1-2
Added Pin To Net: NetName=TWI_SCL Pin=R2-1
Added Pin To Net: NetName=5V Pin=R2-2
Added Pin To Net: NetName=A_buf Pin=R3-1
Added Pin To Net: NetName=NetR3_2 Pin=R3-2
Added Pin To Net: NetName=NetR3_2 Pin=R4-1
Added Pin To Net: NetName=A+B_inv Pin=R4-2
Added Pin To Net: NetName=A+B_inv Pin=R5-1
Added Pin To Net: NetName=NetR5_2 Pin=R5-2
Added Pin To Net: NetName=NetR5_2 Pin=R6-1
Added Pin To Net: NetName=A+B Pin=R6-2
Added Pin To Net: NetName=B_buf Pin=R8-1
Added Pin To Net: NetName=NetR3_2 Pin=R8-2
Added Pin To Net: NetName=NetC9_2 Pin=R9-1
Added Pin To Net: NetName=GND Pin=R10-1
Added Pin To Net: NetName=NetC8_2 Pin=R10-2
Added Pin To Net: NetName=VCC_CL_Receiver1 Pin=R11_Receiver1-1
Added Pin To Net: NetName=VCC_Receiver1 Pin=R11_Receiver1-2
Added Pin To Net: NetName=VCC_CL_Receiver2 Pin=R11_Receiver2-1
Added Pin To Net: NetName=VCC_Receiver2 Pin=R11_Receiver2-2
Added Pin To Net: NetName=NetR12_Receiver1_1 Pin=R12_Receiver1-1
Added Pin To Net: NetName=VCC_Receiver1 Pin=R12_Receiver1-2
Added Pin To Net: NetName=NetR12_Receiver2_1 Pin=R12_Receiver2-1
Added Pin To Net: NetName=VCC_Receiver2 Pin=R12_Receiver2-2
Added Pin To Net: NetName=NetQ1_Receiver1_3 Pin=R13_Receiver1-1
Added Pin To Net: NetName=NetR12_Receiver1_1 Pin=R13_Receiver1-2
Added Pin To Net: NetName=NetQ1_Receiver2_3 Pin=R13_Receiver2-1
Added Pin To Net: NetName=NetR12_Receiver2_1 Pin=R13_Receiver2-2
Added Pin To Net: NetName=NetQ2_Receiver1_3 Pin=R14_Receiver1-1
Added Pin To Net: NetName=NetR12_Receiver1_1 Pin=R14_Receiver1-2
Added Pin To Net: NetName=NetQ2_Receiver2_3 Pin=R14_Receiver2-1
Added Pin To Net: NetName=NetR12_Receiver2_1 Pin=R14_Receiver2-2
Added Pin To Net: NetName=GND Pin=R15_Receiver1-1
Added Pin To Net: NetName=NetR12_Receiver1_1 Pin=R15_Receiver1-2
Added Pin To Net: NetName=GND Pin=R15_Receiver2-1
Added Pin To Net: NetName=NetR12_Receiver2_1 Pin=R15_Receiver2-2
Added Pin To Net: NetName=GND Pin=R16-1
Added Pin To Net: NetName=NetQ3_2 Pin=R16-2
Added Pin To Net: NetName=GND Pin=R17-1
Added Pin To Net: NetName=LED5 Pin=R18-1
Added Pin To Net: NetName=NetQ3_2 Pin=R18-2
Added Pin To Net: NetName=LED3 Pin=R19-1
Added Pin To Net: NetName=NetQ4_2 Pin=R19-2
Added Pin To Net: NetName=GND Pin=R20-1
Added Pin To Net: NetName=NetQ4_2 Pin=R20-2
Added Pin To Net: NetName=GND Pin=R21-1
Added Pin To Net: NetName=GND Pin=R22-1
Added Pin To Net: NetName=GND Pin=R23-1
Added Pin To Net: NetName=GND Pin=R24-1
Added Pin To Net: NetName=LED5 Pin=R25-1
Added Pin To Net: NetName=NetQ8_2 Pin=R25-2
Added Pin To Net: NetName=LED2 Pin=R26-1
Added Pin To Net: NetName=NetQ5_2 Pin=R26-2
Added Pin To Net: NetName=GND Pin=R27-1
Added Pin To Net: NetName=NetQ8_2 Pin=R27-2
Added Pin To Net: NetName=GND Pin=R28-1
Added Pin To Net: NetName=NetQ5_2 Pin=R28-2
Added Pin To Net: NetName=GND Pin=R29-1
Added Pin To Net: NetName=LED4 Pin=R30-1
Added Pin To Net: NetName=NetQ9_2 Pin=R30-2
Added Pin To Net: NetName=LED1 Pin=R31-1
Added Pin To Net: NetName=NetQ6_2 Pin=R31-2
Added Pin To Net: NetName=NetR32_1 Pin=R32-1
Added Pin To Net: NetName=GND Pin=R34-1
Added Pin To Net: NetName=NetR32_1 Pin=R34-2
Added Pin To Net: NetName=GND Pin=R35-1
Added Pin To Net: NetName=GND Pin=R36-1
Added Pin To Net: NetName=NetQ9_2 Pin=R36-2
Added Pin To Net: NetName=GND Pin=R37-1
Added Pin To Net: NetName=NetQ6_2 Pin=R37-2
Added Pin To Net: NetName=GND Pin=R38-1
Added Pin To Net: NetName=LED4 Pin=R39-1
Added Pin To Net: NetName=NetQ10_2 Pin=R39-2
Added Pin To Net: NetName=LED0 Pin=R40-1
Added Pin To Net: NetName=NetQ7_2 Pin=R40-2
Added Pin To Net: NetName=GND Pin=R41-1
Added Pin To Net: NetName=NetQ10_2 Pin=R41-2
Added Pin To Net: NetName=GND Pin=R42-1
Added Pin To Net: NetName=NetQ7_2 Pin=R42-2
Added Pin To Net: NetName=GND Pin=R43-1
Added Pin To Net: NetName=LED5 Pin=U1-1
Added Pin To Net: NetName=SW0 Pin=U1-4
Added Pin To Net: NetName=SW1 Pin=U1-5
Added Pin To Net: NetName=SW2 Pin=U1-6
Added Pin To Net: NetName=SW3 Pin=U1-7
Added Pin To Net: NetName=NetQ1_Receiver1_1 Pin=U1-10
Added Pin To Net: NetName=NetQ2_Receiver1_1 Pin=U1-11
Added Pin To Net: NetName=NetU1_12 Pin=U1-12
Added Pin To Net: NetName=NetU1_13 Pin=U1-13
Added Pin To Net: NetName=5V Pin=U1-14
Added Pin To Net: NetName=GND Pin=U1-15
Added Pin To Net: NetName=NetP5_Receiver1_4 Pin=U1-16
Added Pin To Net: NetName=NetP5_Receiver1_5 Pin=U1-17
Added Pin To Net: NetName=NetP5_Receiver1_2 Pin=U1-18
Added Pin To Net: NetName=NetP5_Receiver1_3 Pin=U1-19
Added Pin To Net: NetName=NetU1_20 Pin=U1-20
Added Pin To Net: NetName=NetU1_21 Pin=U1-21
Added Pin To Net: NetName=NetU1_22 Pin=U1-22
Added Pin To Net: NetName=NetU1_23 Pin=U1-23
Added Pin To Net: NetName=NetU1_24 Pin=U1-24
Added Pin To Net: NetName=NetU1_25 Pin=U1-25
Added Pin To Net: NetName=NetU1_26 Pin=U1-26
Added Pin To Net: NetName=NetU1_27 Pin=U1-27
Added Pin To Net: NetName=5V Pin=U1-28
Added Pin To Net: NetName=GND Pin=U1-29
Added Pin To Net: NetName=NetQ1_Receiver2_1 Pin=U1-30
Added Pin To Net: NetName=NetQ2_Receiver2_1 Pin=U1-31
Added Pin To Net: NetName=NetU1_32 Pin=U1-32
Added Pin To Net: NetName=NetU1_33 Pin=U1-33
Added Pin To Net: NetName=NetP5_Receiver2_4 Pin=U1-34
Added Pin To Net: NetName=NetP5_Receiver2_5 Pin=U1-35
Added Pin To Net: NetName=TWI_SDA Pin=U1-36
Added Pin To Net: NetName=TWI_SCL Pin=U1-37
Added Pin To Net: NetName=NetP5_Receiver2_2 Pin=U1-38
Added Pin To Net: NetName=NetP5_Receiver2_3 Pin=U1-39
Added Pin To Net: NetName=NetC7_2 Pin=U1-40
Added Pin To Net: NetName=NetP3_1 Pin=U1-41
Added Pin To Net: NetName=5V Pin=U1-42
Added Pin To Net: NetName=GND Pin=U1-43
Added Pin To Net: NetName=LED0 Pin=U1-44
Added Pin To Net: NetName=LED1 Pin=U1-45
Added Pin To Net: NetName=LED2 Pin=U1-46
Added Pin To Net: NetName=LED3 Pin=U1-47
Added Pin To Net: NetName=LED4 Pin=U1-48
Added Pin To Net: NetName=5V Pin=U2-1
Added Pin To Net: NetName=NetU1_32 Pin=U2-2
Added Pin To Net: NetName=NetU1_33 Pin=U2-3
Added Pin To Net: NetName=NetU1_12 Pin=U2-4
Added Pin To Net: NetName=NetU1_13 Pin=U2-5
Added Pin To Net: NetName=GND Pin=U2-6
Added Pin To Net: NetName=A_buf Pin=U3-1
Added Pin To Net: NetName=A_buf Pin=U3-2
Added Pin To Net: NetName=NetC9_2 Pin=U3-5
Added Pin To Net: NetName=B_buf Pin=U3-6
Added Pin To Net: NetName=B_buf Pin=U3-7
Added Pin To Net: NetName=A+B_inv Pin=U3-8
Added Pin To Net: NetName=NetR3_2 Pin=U3-9
Added Pin To Net: NetName=GND Pin=U3-11
Added Pin To Net: NetName=NetR5_2 Pin=U3-13
Added Pin To Net: NetName=A+B Pin=U3-14
Added Pin To Net: NetName=5V Pin=U4-1
Added Pin To Net: NetName=NetU1_22 Pin=U4-2
Added Pin To Net: NetName=NetU1_23 Pin=U4-3
Added Pin To Net: NetName=NetU1_20 Pin=U4-4
Added Pin To Net: NetName=NetU1_21 Pin=U4-5
Added Pin To Net: NetName=GND Pin=U4-6
Added Pin To Net: NetName=5V Pin=U5-1
Added Pin To Net: NetName=NetU1_26 Pin=U5-2
Added Pin To Net: NetName=NetU1_27 Pin=U5-3
Added Pin To Net: NetName=NetU1_24 Pin=U5-4
Added Pin To Net: NetName=NetU1_25 Pin=U5-5
Added Pin To Net: NetName=GND Pin=U5-6
Added Pin To Net: NetName=NetR12_Receiver1_1 Pin=U6_Receiver1-1
Added Pin To Net: NetName=+24 Pin=U6_Receiver1-3
Added Pin To Net: NetName=VCC_Receiver1 Pin=U6_Receiver1-4
Added Pin To Net: NetName=NetR12_Receiver2_1 Pin=U6_Receiver2-1
Added Pin To Net: NetName=+24 Pin=U6_Receiver2-3
Added Pin To Net: NetName=VCC_Receiver2 Pin=U6_Receiver2-4
Added Pin To Net: NetName=GND Pin=U7-2
Added Pin To Net: NetName=GND Pin=U7-3
Added Pin To Net: NetName=NetR32_1 Pin=U7-4
Added Pin To Net: NetName=GND Pin=U7-5
Added Pin To Net: NetName=GND Pin=U7-6
Added Pin To Net: NetName=GND Pin=U7-7
Added Pin To Net: NetName=24V Pin=U7-8
Added Pin To Net: NetName=24V Pin=U8-1
Added Pin To Net: NetName=GND Pin=U8-2
Added Pin To Net: NetName=5V Pin=U8-3
Added Pin To Net: NetName=AVDD/2 Pin=C10-1
Added Pin To Net: NetName=AVDD/2 Pin=C21-1
Added Pin To Net: NetName=AVDD/2 Pin=C22-1
Added Pin To Net: NetName=AVDD/2 Pin=C27-2
Added Pin To Net: NetName=AVDD/2 Pin=R7-1
Added Pin To Net: NetName=AVDD/2 Pin=R9-2
Added Pin To Net: NetName=AVDD/2 Pin=R33-1
Added Pin To Net: NetName=AVDD/2 Pin=R35-2
Added Pin To Net: NetName=AVDD/2 Pin=U3-10
Added Pin To Net: NetName=AVDD/2 Pin=U3-12
Added Net: Name=AVDD/2
Added Pin To Net: NetName=AVDD Pin=C10-2
Added Pin To Net: NetName=AVDD Pin=C19-1
Added Pin To Net: NetName=AVDD Pin=C20-1
Added Pin To Net: NetName=AVDD Pin=R32-2
Added Pin To Net: NetName=AVDD Pin=R33-2
Added Pin To Net: NetName=AVDD Pin=U3-4
Added Pin To Net: NetName=AVDD Pin=U7-1
Added Net: Name=AVDD
Added Pin To Net: NetName=NetC11_1 Pin=C11-1
Added Pin To Net: NetName=NetC11_1 Pin=K1-10
Added Pin To Net: NetName=NetC11_1 Pin=U4-7
Added Net: Name=NetC11_1
Added Pin To Net: NetName=NetC11_2 Pin=C11-2
Added Pin To Net: NetName=NetC11_2 Pin=K1-1
Added Pin To Net: NetName=NetC11_2 Pin=U4-8
Added Net: Name=NetC11_2
Added Pin To Net: NetName=NetC13_1 Pin=C13-1
Added Pin To Net: NetName=NetC13_1 Pin=K3-10
Added Pin To Net: NetName=NetC13_1 Pin=U5-7
Added Net: Name=NetC13_1
Added Pin To Net: NetName=NetC13_2 Pin=C13-2
Added Pin To Net: NetName=NetC13_2 Pin=K3-1
Added Pin To Net: NetName=NetC13_2 Pin=U5-8
Added Net: Name=NetC13_2
Added Pin To Net: NetName=NetC14_1 Pin=C14-1
Added Pin To Net: NetName=NetC14_1 Pin=K4-10
Added Pin To Net: NetName=NetC14_1 Pin=U5-9
Added Net: Name=NetC14_1
Added Pin To Net: NetName=NetC14_2 Pin=C14-2
Added Pin To Net: NetName=NetC14_2 Pin=K4-1
Added Pin To Net: NetName=NetC14_2 Pin=U5-10
Added Net: Name=NetC14_2
Added Pin To Net: NetName=NetC26_1 Pin=C26-1
Added Pin To Net: NetName=NetC26_1 Pin=K1-7
Added Pin To Net: NetName=NetC26_1 Pin=K4-7
Added Net: Name=NetC26_1
Added Pin To Net: NetName=NetC26_2 Pin=C26-2
Added Pin To Net: NetName=NetC26_2 Pin=R7-2
Added Pin To Net: NetName=NetC26_2 Pin=U3-3
Added Net: Name=NetC26_2
Added Pin To Net: NetName=NetC28_1 Pin=C28-1
Added Pin To Net: NetName=NetC28_1 Pin=K2-10
Added Pin To Net: NetName=NetC28_1 Pin=U4-9
Added Net: Name=NetC28_1
Added Pin To Net: NetName=NetC28_2 Pin=C28-2
Added Pin To Net: NetName=NetC28_2 Pin=K2-1
Added Pin To Net: NetName=NetC28_2 Pin=U4-10
Added Net: Name=NetC28_2
Added Pin To Net: NetName=NetC32_Receiver1_1 Pin=C32_Receiver1-1
Added Pin To Net: NetName=NetC32_Receiver1_1 Pin=K5_Receiver1-10
Added Pin To Net: NetName=NetC32_Receiver1_1 Pin=U2-7
Added Net: Name=NetC32_Receiver1_1
Added Pin To Net: NetName=NetC32_Receiver1_2 Pin=C32_Receiver1-2
Added Pin To Net: NetName=NetC32_Receiver1_2 Pin=K5_Receiver1-1
Added Pin To Net: NetName=NetC32_Receiver1_2 Pin=U2-8
Added Net: Name=NetC32_Receiver1_2
Added Pin To Net: NetName=NetC32_Receiver2_1 Pin=C32_Receiver2-1
Added Pin To Net: NetName=NetC32_Receiver2_1 Pin=K5_Receiver2-10
Added Pin To Net: NetName=NetC32_Receiver2_1 Pin=U2-9
Added Net: Name=NetC32_Receiver2_1
Added Pin To Net: NetName=NetC32_Receiver2_2 Pin=C32_Receiver2-2
Added Pin To Net: NetName=NetC32_Receiver2_2 Pin=K5_Receiver2-1
Added Pin To Net: NetName=NetC32_Receiver2_2 Pin=U2-10
Added Net: Name=NetC32_Receiver2_2
Added Pin To Net: NetName=NetK1_2 Pin=K1-2
Added Pin To Net: NetName=NetK1_2 Pin=K2-3
Added Net: Name=NetK1_2
Added Pin To Net: NetName=NetP15_1 Pin=P15-1
Added Pin To Net: NetName=NetP15_1 Pin=U1-8
Added Net: Name=NetP15_1
Added Pin To Net: NetName=NetP15_2 Pin=P15-2
Added Pin To Net: NetName=NetP15_2 Pin=U1-9
Added Net: Name=NetP15_2
Added Pin To Net: NetName=NetP16_1 Pin=P16-1
Added Pin To Net: NetName=NetP16_1 Pin=U1-2
Added Net: Name=NetP16_1
Added Pin To Net: NetName=NetP16_2 Pin=P16-2
Added Pin To Net: NetName=NetP16_2 Pin=U1-3
Added Net: Name=NetP16_2
Added Pin To Net: NetName=NetQ3_1 Pin=Q3-1
Added Pin To Net: NetName=NetQ3_1 Pin=R17-2
Added Net: Name=NetQ3_1
Added Pin To Net: NetName=NetQ4_1 Pin=Q4-1
Added Pin To Net: NetName=NetQ4_1 Pin=R21-2
Added Net: Name=NetQ4_1
Added Pin To Net: NetName=NetQ5_1 Pin=Q5-1
Added Pin To Net: NetName=NetQ5_1 Pin=R22-2
Added Net: Name=NetQ5_1
Added Pin To Net: NetName=NetQ6_1 Pin=Q6-1
Added Pin To Net: NetName=NetQ6_1 Pin=R23-2
Added Net: Name=NetQ6_1
Added Pin To Net: NetName=NetQ7_1 Pin=Q7-1
Added Pin To Net: NetName=NetQ7_1 Pin=R24-2
Added Net: Name=NetQ7_1
Added Pin To Net: NetName=NetQ8_1 Pin=Q8-1
Added Pin To Net: NetName=NetQ8_1 Pin=R29-2
Added Net: Name=NetQ8_1
Added Pin To Net: NetName=NetQ9_1 Pin=Q9-1
Added Pin To Net: NetName=NetQ9_1 Pin=R38-2
Added Net: Name=NetQ9_1
Added Pin To Net: NetName=NetQ10_1 Pin=Q10-1
Added Pin To Net: NetName=NetQ10_1 Pin=R43-2
Added Net: Name=NetQ10_1
Change Class Name : Old Net Name=LED[0..7] New Net Name=LED[0..5]
Change Class Name : Old Net Name=SW[0..5] New Net Name=SW[0..3]
Added Member To Class: ClassName=BoardRev2 Member=Component C1 0.1uF
Added Member To Class: ClassName=BoardRev2 Member=Component C2 0.1uF
Added Member To Class: ClassName=BoardRev2 Member=Component C3 0.1uF
Added Member To Class: ClassName=BoardRev2 Member=Component C4 0.1uF
Added Member To Class: ClassName=BoardRev2 Member=Component C5 0.1uF
Added Member To Class: ClassName=BoardRev2 Member=Component C6 0.1uF
Added Member To Class: ClassName=BoardRev2 Member=Component C7 0.1uF
Added Member To Class: ClassName=Routing Member=Component C8 0.022uF
Added Member To Class: ClassName=Routing Member=Component C9 0.022uF
Added Member To Class: ClassName=Routing Member=Component C10 Cap
Added Member To Class: ClassName=Routing Member=Component C11 Cap
Added Member To Class: ClassName=Routing Member=Component C12 Cap
Added Member To Class: ClassName=Routing Member=Component C13 Cap
Added Member To Class: ClassName=Routing Member=Component C14 Cap
Added Member To Class: ClassName=Receiver1 Member=Component C15_Receiver1 (C15) 0.1uF
Added Member To Class: ClassName=Receiver2 Member=Component C15_Receiver2 (C15) 0.1uF
Added Member To Class: ClassName=PWR Member=Component C16 0.1uF
Added Member To Class: ClassName=PWR Member=Component C17 10uF
Added Member To Class: ClassName=PWR Member=Component C18 0.1uF
Added Member To Class: ClassName=PWR Member=Component C19 0.1uF
Added Member To Class: ClassName=PWR Member=Component C20 10uF
Added Member To Class: ClassName=PWR Member=Component C21 0.1uF
Added Member To Class: ClassName=PWR Member=Component C22 10uF
Added Member To Class: ClassName=PWR Member=Component C23 0.1uF
Added Member To Class: ClassName=PWR Member=Component C24 0.1uF
Added Member To Class: ClassName=PWR Member=Component C25 10uF
Added Member To Class: ClassName=Routing Member=Component C26 0.022uF
Added Member To Class: ClassName=Routing Member=Component C27 Cap
Added Member To Class: ClassName=Routing Member=Component C28 Cap
Added Member To Class: ClassName=Routing Member=Component C29 Cap
Added Member To Class: ClassName=Receiver1 Member=Component C30_Receiver1 (C30) 10uF
Added Member To Class: ClassName=Receiver2 Member=Component C30_Receiver2 (C30) 10uF
Added Member To Class: ClassName=Receiver1 Member=Component C31_Receiver1 (C31) 0.1uF
Added Member To Class: ClassName=Receiver2 Member=Component C31_Receiver2 (C31) 0.1uF
Added Member To Class: ClassName=Receiver1 Member=Component C32_Receiver1 (C32) Cap
Added Member To Class: ClassName=Receiver2 Member=Component C32_Receiver2 (C32) Cap
Added Member To Class: ClassName=UI Member=Component D1 LED2
Added Member To Class: ClassName=Routing Member=Component K1 EA2-5SNJ
Added Member To Class: ClassName=Routing Member=Component K2 EA2-5SNJ
Added Member To Class: ClassName=Routing Member=Component K3 EA2-5SNJ
Added Member To Class: ClassName=Routing Member=Component K4 EA2-5SNJ
Added Member To Class: ClassName=Receiver1 Member=Component K5_Receiver1 (K5A) EA2-5SNJ
Added Member To Class: ClassName=Receiver2 Member=Component K5_Receiver2 (K5A) EA2-5SNJ
Added Member To Class: ClassName=BoardRev2 Member=Component P1 Header 4
Added Member To Class: ClassName=BoardRev2 Member=Component P2 Header 4
Added Member To Class: ClassName=BoardRev2 Member=Component P3 Header 3X2
Added Member To Class: ClassName=BoardRev2 Member=Component P4 Header 4
Added Member To Class: ClassName=Receiver1 Member=Component P5_Receiver1 (P5) Header 12
Added Member To Class: ClassName=Receiver2 Member=Component P5_Receiver2 (P5) Header 12
Added Member To Class: ClassName=UI Member=Component P6 Header 6
Added Member To Class: ClassName=UI Member=Component P7 Header 2
Added Member To Class: ClassName=UI Member=Component P8 Header 2
Added Member To Class: ClassName=UI Member=Component P9 Header 2
Added Member To Class: ClassName=UI Member=Component P10 Header 2
Added Member To Class: ClassName=UI Member=Component P11 Header 2
Added Member To Class: ClassName=UI Member=Component P12 Header 2
Added Member To Class: ClassName=UI Member=Component P13 Header 2
Added Member To Class: ClassName=PWR Member=Component P14 Header 2
Added Member To Class: ClassName=BoardRev2 Member=Component P15 Header 2
Added Member To Class: ClassName=BoardRev2 Member=Component P16 Header 2
Added Member To Class: ClassName=Receiver1 Member=Component Q1_Receiver1 (Q1) NX7002AK,215
Added Member To Class: ClassName=Receiver2 Member=Component Q1_Receiver2 (Q1) NX7002AK,215
Added Member To Class: ClassName=Receiver1 Member=Component Q2_Receiver1 (Q2) NX7002AK,215
Added Member To Class: ClassName=Receiver2 Member=Component Q2_Receiver2 (Q2) NX7002AK,215
Added Member To Class: ClassName=UI Member=Component Q3 2N3904
Added Member To Class: ClassName=UI Member=Component Q4 2N3904
Added Member To Class: ClassName=UI Member=Component Q5 2N3904
Added Member To Class: ClassName=UI Member=Component Q6 2N3904
Added Member To Class: ClassName=UI Member=Component Q7 2N3904
Added Member To Class: ClassName=UI Member=Component Q8 2N3904
Added Member To Class: ClassName=UI Member=Component Q9 2N3904
Added Member To Class: ClassName=UI Member=Component Q10 2N3904
Added Member To Class: ClassName=BoardRev2 Member=Component R1 4.7K
Added Member To Class: ClassName=BoardRev2 Member=Component R2 4.7K
Added Member To Class: ClassName=Routing Member=Component R3 10K
Added Member To Class: ClassName=Routing Member=Component R4 10K
Added Member To Class: ClassName=Routing Member=Component R5 10K
Added Member To Class: ClassName=Routing Member=Component R6 10K
Added Member To Class: ClassName=Routing Member=Component R7 1M
Added Member To Class: ClassName=Routing Member=Component R8 10K
Added Member To Class: ClassName=Routing Member=Component R9 1M
Added Member To Class: ClassName=Routing Member=Component R10 1M
Added Member To Class: ClassName=Receiver1 Member=Component R11_Receiver1 (R11) 10K
Added Member To Class: ClassName=Receiver2 Member=Component R11_Receiver2 (R11) 10K
Added Member To Class: ClassName=Receiver1 Member=Component R12_Receiver1 (R12) 240
Added Member To Class: ClassName=Receiver2 Member=Component R12_Receiver2 (R12) 240
Added Member To Class: ClassName=Receiver1 Member=Component R13_Receiver1 (R13) 2.8K
Added Member To Class: ClassName=Receiver2 Member=Component R13_Receiver2 (R13) 2.8K
Added Member To Class: ClassName=Receiver1 Member=Component R14_Receiver1 (R14) 5.6K
Added Member To Class: ClassName=Receiver2 Member=Component R14_Receiver2 (R14) 5.6K
Added Member To Class: ClassName=Receiver1 Member=Component R15_Receiver1 (R15) 3.3K
Added Member To Class: ClassName=Receiver2 Member=Component R15_Receiver2 (R15) 3.3K
Added Member To Class: ClassName=UI Member=Component R16 10K
Added Member To Class: ClassName=UI Member=Component R17 75R
Added Member To Class: ClassName=UI Member=Component R18 16K
Added Member To Class: ClassName=UI Member=Component R19 16K
Added Member To Class: ClassName=UI Member=Component R20 10K
Added Member To Class: ClassName=UI Member=Component R21 75R
Added Member To Class: ClassName=UI Member=Component R22 75R
Added Member To Class: ClassName=UI Member=Component R23 75R
Added Member To Class: ClassName=UI Member=Component R24 75R
Added Member To Class: ClassName=UI Member=Component R25 16K
Added Member To Class: ClassName=UI Member=Component R26 16K
Added Member To Class: ClassName=UI Member=Component R27 10K
Added Member To Class: ClassName=UI Member=Component R28 10K
Added Member To Class: ClassName=UI Member=Component R29 75R
Added Member To Class: ClassName=UI Member=Component R30 16K
Added Member To Class: ClassName=UI Member=Component R31 16K
Added Member To Class: ClassName=PWR Member=Component R32 27K
Added Member To Class: ClassName=PWR Member=Component R33 4.7K
Added Member To Class: ClassName=PWR Member=Component R34 487K
Added Member To Class: ClassName=PWR Member=Component R35 4.7K
Added Member To Class: ClassName=UI Member=Component R36 10K
Added Member To Class: ClassName=UI Member=Component R37 10K
Added Member To Class: ClassName=UI Member=Component R38 75R
Added Member To Class: ClassName=UI Member=Component R39 16K
Added Member To Class: ClassName=UI Member=Component R40 16K
Added Member To Class: ClassName=UI Member=Component R41 10K
Added Member To Class: ClassName=UI Member=Component R42 10K
Added Member To Class: ClassName=UI Member=Component R43 75R
Added Member To Class: ClassName=BoardRev2 Member=Component U1 ATMEGA3209-AFR
Added Member To Class: ClassName=BoardRev2 Member=Component U2 LV8548MC
Added Member To Class: ClassName=Routing Member=Component U3 OPA1679
Added Member To Class: ClassName=Routing Member=Component U4 LV8548MC
Added Member To Class: ClassName=Routing Member=Component U5 LV8548MC
Added Member To Class: ClassName=Receiver1 Member=Component U6_Receiver1 (U6) LM317D2T-TR
Added Member To Class: ClassName=Receiver2 Member=Component U6_Receiver2 (U6) LM317D2T-TR
Added Member To Class: ClassName=PWR Member=Component U7 LM2931CDR2G
Added Member To Class: ClassName=PWR Member=Component U8 L7805CV
Added Room: Name=BoardRev2
Added Room: Name=PWR
Added Room: Name=Receiver1
Added Room: Name=Receiver2
Added Room: Name=Routing
Added Room: Name=UI
