Removed Pin From Net: NetName=AudioIn1 Pin=P1-1
Removed Pin From Net: NetName=GND Pin=P1-2
Removed Pin From Net: NetName=AudioIn2 Pin=P1-4
Removed Pin From Net: NetName=NetK1_3 Pin=P2-1
Removed Pin From Net: NetName=GND Pin=P2-2
Removed Pin From Net: NetName=NetK4_3 Pin=P2-4
Change Component Footprint: Designator=P1 Old Footprint=HDR1X4 New Footprint=HDR1X3
Change Component Footprint: Designator=P2 Old Footprint=HDR1X4 New Footprint=HDR1X3
Change Component Comment : Designator=P1 Old Comment=Header 4 New Comment=Header 3
Change Component Comment : Designator=P2 Old Comment=Header 4 New Comment=Header 3
Added Component: Designator=P17(HDR1X3)
Add component. Clean all parameters for all variants
Add component (AddParameter): Name = "LatestRevisionDate"; Value = "17-Jul-2002"; VariantName = "[No Variations]"
Add component (AddParameter): Name = "LatestRevisionNote"; Value = "Re-released for DXP Platform."; VariantName = "[No Variations]"
Add component (AddParameter): Name = "Publisher"; Value = "Altium Limited"; VariantName = "[No Variations]"
Added Component: Designator=P18(HDR1X3)
Add component. Clean all parameters for all variants
Add component (AddParameter): Name = "LatestRevisionDate"; Value = "17-Jul-2002"; VariantName = "[No Variations]"
Add component (AddParameter): Name = "LatestRevisionNote"; Value = "Re-released for DXP Platform."; VariantName = "[No Variations]"
Add component (AddParameter): Name = "Publisher"; Value = "Altium Limited"; VariantName = "[No Variations]"
Added Pin To Net: NetName=GND Pin=P1-1
Added Pin To Net: NetName=NetK1_3 Pin=P1-2
Added Pin To Net: NetName=GND Pin=P2-1
Added Pin To Net: NetName=NetK4_3 Pin=P2-2
Added Pin To Net: NetName=GND Pin=P17-1
Added Pin To Net: NetName=AudioIn1 Pin=P17-2
Added Pin To Net: NetName=GND Pin=P17-3
Added Pin To Net: NetName=GND Pin=P18-1
Added Pin To Net: NetName=AudioIn2 Pin=P18-2
Added Pin To Net: NetName=GND Pin=P18-3
Added Member To Class: ClassName=BoardRev2 Member=Component P17 Header 3
Added Member To Class: ClassName=BoardRev2 Member=Component P18 Header 3
