Removed Pin From Net: NetName=NetC32_Receiver1_2 Pin=K?_Receiver1-1
Removed Pin From Net: NetName=RETURN_Receiver1 Pin=K?_Receiver1-5
Removed Pin From Net: NetName=A Pin=K?_Receiver1-6
Removed Pin From Net: NetName=NetC32_Receiver1_1 Pin=K?_Receiver1-8
Removed Pin From Net: NetName=NetC32_Receiver2_2 Pin=K?_Receiver2-1
Removed Pin From Net: NetName=RETURN_Receiver2 Pin=K?_Receiver2-5
Removed Pin From Net: NetName=B Pin=K?_Receiver2-6
Removed Pin From Net: NetName=NetC32_Receiver2_1 Pin=K?_Receiver2-8
Removed Member From Class: ClassName=Receiver1 Member=K?_Receiver1
Removed Member From Class: ClassName=Receiver2 Member=K?_Receiver2
Change Component Designator: OldDesignator=K?_Receiver1 NewDesignator=K5_Receiver1
Change Component Designator: OldDesignator=K?_Receiver2 NewDesignator=K5_Receiver2
Added Pin To Net: NetName=NetC32_Receiver1_2 Pin=K5_Receiver1-1
Added Pin To Net: NetName=RETURN_Receiver1 Pin=K5_Receiver1-5
Added Pin To Net: NetName=A Pin=K5_Receiver1-6
Added Pin To Net: NetName=NetC32_Receiver1_1 Pin=K5_Receiver1-8
Added Pin To Net: NetName=NetC32_Receiver2_2 Pin=K5_Receiver2-1
Added Pin To Net: NetName=RETURN_Receiver2 Pin=K5_Receiver2-5
Added Pin To Net: NetName=B Pin=K5_Receiver2-6
Added Pin To Net: NetName=NetC32_Receiver2_1 Pin=K5_Receiver2-8
Added Pin To Net: NetName=NetK5_Receiver1_2 Pin=K5_Receiver1-2
Added Pin To Net: NetName=NetK5_Receiver1_2 Pin=K5_Receiver1-7
Added Net: Name=NetK5_Receiver1_2
Added Pin To Net: NetName=NetK5_Receiver2_2 Pin=K5_Receiver2-2
Added Pin To Net: NetName=NetK5_Receiver2_2 Pin=K5_Receiver2-7
Added Net: Name=NetK5_Receiver2_2
Added Member To Class: ClassName=Receiver1 Member=Component K5_Receiver1 (K5A) UD2-5SNU
Added Member To Class: ClassName=Receiver2 Member=Component K5_Receiver2 (K5A) UD2-5SNU
