Removed Pin From Net: NetName=GND Pin=D1-2
Removed Pin From Net: NetName=VCC_CL_Receiver1 Pin=P5_Receiver1-5
Removed Pin From Net: NetName=VCC_Receiver1 Pin=P5_Receiver1-6
Removed Pin From Net: NetName=SEND_Receiver1 Pin=P5_Receiver1-7
Removed Pin From Net: NetName=RETURN_Receiver1 Pin=P5_Receiver1-8
Removed Pin From Net: NetName=VCC_CL_Receiver2 Pin=P5_Receiver2-5
Removed Pin From Net: NetName=VCC_Receiver2 Pin=P5_Receiver2-6
Removed Pin From Net: NetName=SEND_Receiver2 Pin=P5_Receiver2-7
Removed Pin From Net: NetName=RETURN_Receiver2 Pin=P5_Receiver2-8
Removed Pin From Net: NetName=GND Pin=P7-2
Removed Pin From Net: NetName=GND Pin=P8-2
Removed Pin From Net: NetName=GND Pin=P9-2
Removed Pin From Net: NetName=GND Pin=P10-2
Removed Pin From Net: NetName=GND Pin=P11-2
Removed Pin From Net: NetName=GND Pin=P12-2
Removed Pin From Net: NetName=GND Pin=P13-2
Removed Pin From Net: NetName=LED0 Pin=R16-1
Removed Pin From Net: NetName=NetP7_1 Pin=R16-2
Removed Pin From Net: NetName=LED1 Pin=R17-1
Removed Pin From Net: NetName=NetP8_1 Pin=R17-2
Removed Pin From Net: NetName=LED2 Pin=R18-1
Removed Pin From Net: NetName=NetP9_1 Pin=R18-2
Removed Pin From Net: NetName=LED3 Pin=R19-1
Removed Pin From Net: NetName=NetP10_1 Pin=R19-2
Removed Pin From Net: NetName=LED4 Pin=R20-1
Removed Pin From Net: NetName=NetP11_1 Pin=R20-2
Removed Pin From Net: NetName=LED5 Pin=R21-1
Removed Pin From Net: NetName=NetP12_1 Pin=R21-2
Removed Pin From Net: NetName=LED6 Pin=R22-1
Removed Pin From Net: NetName=NetP13_1 Pin=R22-2
Removed Pin From Net: NetName=LED7 Pin=R23-2
Removed Pin From Net: NetName=NetP5_Receiver1_3 Pin=U1-16
Removed Pin From Net: NetName=NetP5_Receiver1_4 Pin=U1-17
Removed Pin From Net: NetName=NetP5_Receiver1_2 Pin=U1-19
Removed Pin From Net: NetName=NetP5_Receiver2_3 Pin=U1-34
Removed Pin From Net: NetName=NetP5_Receiver2_4 Pin=U1-35
Removed Pin From Net: NetName=NetP5_Receiver2_2 Pin=U1-39
Change Component Footprint: Designator=P5_Receiver1 Old Footprint=HDR1X8 New Footprint=HDR1X12
Change Component Footprint: Designator=P5_Receiver2 Old Footprint=HDR1X8 New Footprint=HDR1X12
Change Component Comment : Designator=R18 Old Comment=2K New Comment=47K
Change Component Comment : Designator=R19 Old Comment=2K New Comment=47K
Change Component Comment : Designator=R22 Old Comment=2K New Comment=47K
Change Component Comment : Designator=R23 Old Comment=2K New Comment=47K
Change Component Comment : Designator=R16 Old Comment=2K New Comment=180R
Change Component Comment : Designator=R17 Old Comment=2K New Comment=180R
Change Component Comment : Designator=R20 Old Comment=2K New Comment=180R
Change Component Comment : Designator=R21 Old Comment=2K New Comment=180R
Change Component Comment : Designator=P5_Receiver1 Old Comment=Header 8 New Comment=Header 12
Change Component Comment : Designator=P5_Receiver2 Old Comment=Header 8 New Comment=Header 12
Change Component Designator: OldDesignator=R24 NewDesignator=R32
Change Component Designator: OldDesignator=R25 NewDesignator=R33
Change Component Designator: OldDesignator=R26 NewDesignator=R34
Change Component Designator: OldDesignator=R27 NewDesignator=R35
Added Component: Designator=Q3(SOT23_M)
Add component. Clean all parameters for all variants
Add component (AddParameter): Name = "ComponentLink1Description"; Value = "Manufacturer Link"; VariantName = "[No Variations]"
Add component (AddParameter): Name = "ComponentLink1URL"; Value = "http://www.fairchildsemi.com/"; VariantName = "[No Variations]"
Add component (AddParameter): Name = "ComponentLink2Description"; Value = "Datasheet"; VariantName = "[No Variations]"
Add component (AddParameter): Name = "ComponentLink2URL"; Value = "http://www.fairchildsemi.com/ds/2N%2F2N3904.pdf"; VariantName = "[No Variations]"
Add component (AddParameter): Name = "DatasheetVersion"; Value = "1997"; VariantName = "[No Variations]"
Add component (AddParameter): Name = "LatestRevisionDate"; Value = "15-Jan-2003"; VariantName = "[No Variations]"
Add component (AddParameter): Name = "LatestRevisionNote"; Value = "PCB Footprint 'BCY-W3/D4.7' replaced"; VariantName = "[No Variations]"
Add component (AddParameter): Name = "PackageDescription"; Value = "TO, Flat Index; 3 In-Line, Axial Leads; Body Dia. 4.5mm; Leads 0.51 x 0.48 mm (max)"; VariantName = "[No Variations]"
Add component (AddParameter): Name = "PackageReference"; Value = "TO-92A"; VariantName = "[No Variations]"
Add component (AddParameter): Name = "PackageVersion"; Value = "Sep-1998"; VariantName = "[No Variations]"
Add component (AddParameter): Name = "Published"; Value = "8-Jun-2000"; VariantName = "[No Variations]"
Add component (AddParameter): Name = "Publisher"; Value = "Altium Limited"; VariantName = "[No Variations]"
Added Component: Designator=Q4(SOT23_M)
Add component. Clean all parameters for all variants
Add component (AddParameter): Name = "ComponentLink1Description"; Value = "Manufacturer Link"; VariantName = "[No Variations]"
Add component (AddParameter): Name = "ComponentLink1URL"; Value = "http://www.fairchildsemi.com/"; VariantName = "[No Variations]"
Add component (AddParameter): Name = "ComponentLink2Description"; Value = "Datasheet"; VariantName = "[No Variations]"
Add component (AddParameter): Name = "ComponentLink2URL"; Value = "http://www.fairchildsemi.com/ds/2N%2F2N3904.pdf"; VariantName = "[No Variations]"
Add component (AddParameter): Name = "DatasheetVersion"; Value = "1997"; VariantName = "[No Variations]"
Add component (AddParameter): Name = "LatestRevisionDate"; Value = "15-Jan-2003"; VariantName = "[No Variations]"
Add component (AddParameter): Name = "LatestRevisionNote"; Value = "PCB Footprint 'BCY-W3/D4.7' replaced"; VariantName = "[No Variations]"
Add component (AddParameter): Name = "PackageDescription"; Value = "TO, Flat Index; 3 In-Line, Axial Leads; Body Dia. 4.5mm; Leads 0.51 x 0.48 mm (max)"; VariantName = "[No Variations]"
Add component (AddParameter): Name = "PackageReference"; Value = "TO-92A"; VariantName = "[No Variations]"
Add component (AddParameter): Name = "PackageVersion"; Value = "Sep-1998"; VariantName = "[No Variations]"
Add component (AddParameter): Name = "Published"; Value = "8-Jun-2000"; VariantName = "[No Variations]"
Add component (AddParameter): Name = "Publisher"; Value = "Altium Limited"; VariantName = "[No Variations]"
Added Component: Designator=Q5(SOT23_M)
Add component. Clean all parameters for all variants
Add component (AddParameter): Name = "ComponentLink1Description"; Value = "Manufacturer Link"; VariantName = "[No Variations]"
Add component (AddParameter): Name = "ComponentLink1URL"; Value = "http://www.fairchildsemi.com/"; VariantName = "[No Variations]"
Add component (AddParameter): Name = "ComponentLink2Description"; Value = "Datasheet"; VariantName = "[No Variations]"
Add component (AddParameter): Name = "ComponentLink2URL"; Value = "http://www.fairchildsemi.com/ds/2N%2F2N3904.pdf"; VariantName = "[No Variations]"
Add component (AddParameter): Name = "DatasheetVersion"; Value = "1997"; VariantName = "[No Variations]"
Add component (AddParameter): Name = "LatestRevisionDate"; Value = "15-Jan-2003"; VariantName = "[No Variations]"
Add component (AddParameter): Name = "LatestRevisionNote"; Value = "PCB Footprint 'BCY-W3/D4.7' replaced"; VariantName = "[No Variations]"
Add component (AddParameter): Name = "PackageDescription"; Value = "TO, Flat Index; 3 In-Line, Axial Leads; Body Dia. 4.5mm; Leads 0.51 x 0.48 mm (max)"; VariantName = "[No Variations]"
Add component (AddParameter): Name = "PackageReference"; Value = "TO-92A"; VariantName = "[No Variations]"
Add component (AddParameter): Name = "PackageVersion"; Value = "Sep-1998"; VariantName = "[No Variations]"
Add component (AddParameter): Name = "Published"; Value = "8-Jun-2000"; VariantName = "[No Variations]"
Add component (AddParameter): Name = "Publisher"; Value = "Altium Limited"; VariantName = "[No Variations]"
Added Component: Designator=Q6(SOT23_M)
Add component. Clean all parameters for all variants
Add component (AddParameter): Name = "ComponentLink1Description"; Value = "Manufacturer Link"; VariantName = "[No Variations]"
Add component (AddParameter): Name = "ComponentLink1URL"; Value = "http://www.fairchildsemi.com/"; VariantName = "[No Variations]"
Add component (AddParameter): Name = "ComponentLink2Description"; Value = "Datasheet"; VariantName = "[No Variations]"
Add component (AddParameter): Name = "ComponentLink2URL"; Value = "http://www.fairchildsemi.com/ds/2N%2F2N3904.pdf"; VariantName = "[No Variations]"
Add component (AddParameter): Name = "DatasheetVersion"; Value = "1997"; VariantName = "[No Variations]"
Add component (AddParameter): Name = "LatestRevisionDate"; Value = "15-Jan-2003"; VariantName = "[No Variations]"
Add component (AddParameter): Name = "LatestRevisionNote"; Value = "PCB Footprint 'BCY-W3/D4.7' replaced"; VariantName = "[No Variations]"
Add component (AddParameter): Name = "PackageDescription"; Value = "TO, Flat Index; 3 In-Line, Axial Leads; Body Dia. 4.5mm; Leads 0.51 x 0.48 mm (max)"; VariantName = "[No Variations]"
Add component (AddParameter): Name = "PackageReference"; Value = "TO-92A"; VariantName = "[No Variations]"
Add component (AddParameter): Name = "PackageVersion"; Value = "Sep-1998"; VariantName = "[No Variations]"
Add component (AddParameter): Name = "Published"; Value = "8-Jun-2000"; VariantName = "[No Variations]"
Add component (AddParameter): Name = "Publisher"; Value = "Altium Limited"; VariantName = "[No Variations]"
Added Component: Designator=Q7(SOT23_M)
Add component. Clean all parameters for all variants
Add component (AddParameter): Name = "ComponentLink1Description"; Value = "Manufacturer Link"; VariantName = "[No Variations]"
Add component (AddParameter): Name = "ComponentLink1URL"; Value = "http://www.fairchildsemi.com/"; VariantName = "[No Variations]"
Add component (AddParameter): Name = "ComponentLink2Description"; Value = "Datasheet"; VariantName = "[No Variations]"
Add component (AddParameter): Name = "ComponentLink2URL"; Value = "http://www.fairchildsemi.com/ds/2N%2F2N3904.pdf"; VariantName = "[No Variations]"
Add component (AddParameter): Name = "DatasheetVersion"; Value = "1997"; VariantName = "[No Variations]"
Add component (AddParameter): Name = "LatestRevisionDate"; Value = "15-Jan-2003"; VariantName = "[No Variations]"
Add component (AddParameter): Name = "LatestRevisionNote"; Value = "PCB Footprint 'BCY-W3/D4.7' replaced"; VariantName = "[No Variations]"
Add component (AddParameter): Name = "PackageDescription"; Value = "TO, Flat Index; 3 In-Line, Axial Leads; Body Dia. 4.5mm; Leads 0.51 x 0.48 mm (max)"; VariantName = "[No Variations]"
Add component (AddParameter): Name = "PackageReference"; Value = "TO-92A"; VariantName = "[No Variations]"
Add component (AddParameter): Name = "PackageVersion"; Value = "Sep-1998"; VariantName = "[No Variations]"
Add component (AddParameter): Name = "Published"; Value = "8-Jun-2000"; VariantName = "[No Variations]"
Add component (AddParameter): Name = "Publisher"; Value = "Altium Limited"; VariantName = "[No Variations]"
Added Component: Designator=Q8(SOT23_M)
Add component. Clean all parameters for all variants
Add component (AddParameter): Name = "ComponentLink1Description"; Value = "Manufacturer Link"; VariantName = "[No Variations]"
Add component (AddParameter): Name = "ComponentLink1URL"; Value = "http://www.fairchildsemi.com/"; VariantName = "[No Variations]"
Add component (AddParameter): Name = "ComponentLink2Description"; Value = "Datasheet"; VariantName = "[No Variations]"
Add component (AddParameter): Name = "ComponentLink2URL"; Value = "http://www.fairchildsemi.com/ds/2N%2F2N3904.pdf"; VariantName = "[No Variations]"
Add component (AddParameter): Name = "DatasheetVersion"; Value = "1997"; VariantName = "[No Variations]"
Add component (AddParameter): Name = "LatestRevisionDate"; Value = "15-Jan-2003"; VariantName = "[No Variations]"
Add component (AddParameter): Name = "LatestRevisionNote"; Value = "PCB Footprint 'BCY-W3/D4.7' replaced"; VariantName = "[No Variations]"
Add component (AddParameter): Name = "PackageDescription"; Value = "TO, Flat Index; 3 In-Line, Axial Leads; Body Dia. 4.5mm; Leads 0.51 x 0.48 mm (max)"; VariantName = "[No Variations]"
Add component (AddParameter): Name = "PackageReference"; Value = "TO-92A"; VariantName = "[No Variations]"
Add component (AddParameter): Name = "PackageVersion"; Value = "Sep-1998"; VariantName = "[No Variations]"
Add component (AddParameter): Name = "Published"; Value = "8-Jun-2000"; VariantName = "[No Variations]"
Add component (AddParameter): Name = "Publisher"; Value = "Altium Limited"; VariantName = "[No Variations]"
Added Component: Designator=Q9(SOT23_M)
Add component. Clean all parameters for all variants
Add component (AddParameter): Name = "ComponentLink1Description"; Value = "Manufacturer Link"; VariantName = "[No Variations]"
Add component (AddParameter): Name = "ComponentLink1URL"; Value = "http://www.fairchildsemi.com/"; VariantName = "[No Variations]"
Add component (AddParameter): Name = "ComponentLink2Description"; Value = "Datasheet"; VariantName = "[No Variations]"
Add component (AddParameter): Name = "ComponentLink2URL"; Value = "http://www.fairchildsemi.com/ds/2N%2F2N3904.pdf"; VariantName = "[No Variations]"
Add component (AddParameter): Name = "DatasheetVersion"; Value = "1997"; VariantName = "[No Variations]"
Add component (AddParameter): Name = "LatestRevisionDate"; Value = "15-Jan-2003"; VariantName = "[No Variations]"
Add component (AddParameter): Name = "LatestRevisionNote"; Value = "PCB Footprint 'BCY-W3/D4.7' replaced"; VariantName = "[No Variations]"
Add component (AddParameter): Name = "PackageDescription"; Value = "TO, Flat Index; 3 In-Line, Axial Leads; Body Dia. 4.5mm; Leads 0.51 x 0.48 mm (max)"; VariantName = "[No Variations]"
Add component (AddParameter): Name = "PackageReference"; Value = "TO-92A"; VariantName = "[No Variations]"
Add component (AddParameter): Name = "PackageVersion"; Value = "Sep-1998"; VariantName = "[No Variations]"
Add component (AddParameter): Name = "Published"; Value = "8-Jun-2000"; VariantName = "[No Variations]"
Add component (AddParameter): Name = "Publisher"; Value = "Altium Limited"; VariantName = "[No Variations]"
Added Component: Designator=Q10(SOT23_M)
Add component. Clean all parameters for all variants
Add component (AddParameter): Name = "ComponentLink1Description"; Value = "Manufacturer Link"; VariantName = "[No Variations]"
Add component (AddParameter): Name = "ComponentLink1URL"; Value = "http://www.fairchildsemi.com/"; VariantName = "[No Variations]"
Add component (AddParameter): Name = "ComponentLink2Description"; Value = "Datasheet"; VariantName = "[No Variations]"
Add component (AddParameter): Name = "ComponentLink2URL"; Value = "http://www.fairchildsemi.com/ds/2N%2F2N3904.pdf"; VariantName = "[No Variations]"
Add component (AddParameter): Name = "DatasheetVersion"; Value = "1997"; VariantName = "[No Variations]"
Add component (AddParameter): Name = "LatestRevisionDate"; Value = "15-Jan-2003"; VariantName = "[No Variations]"
Add component (AddParameter): Name = "LatestRevisionNote"; Value = "PCB Footprint 'BCY-W3/D4.7' replaced"; VariantName = "[No Variations]"
Add component (AddParameter): Name = "PackageDescription"; Value = "TO, Flat Index; 3 In-Line, Axial Leads; Body Dia. 4.5mm; Leads 0.51 x 0.48 mm (max)"; VariantName = "[No Variations]"
Add component (AddParameter): Name = "PackageReference"; Value = "TO-92A"; VariantName = "[No Variations]"
Add component (AddParameter): Name = "PackageVersion"; Value = "Sep-1998"; VariantName = "[No Variations]"
Add component (AddParameter): Name = "Published"; Value = "8-Jun-2000"; VariantName = "[No Variations]"
Add component (AddParameter): Name = "Publisher"; Value = "Altium Limited"; VariantName = "[No Variations]"
Added Component: Designator=R24(0805)
Add component. Clean all parameters for all variants
Added Component: Designator=R25(0805)
Add component. Clean all parameters for all variants
Added Component: Designator=R26(0805)
Add component. Clean all parameters for all variants
Added Component: Designator=R27(0805)
Add component. Clean all parameters for all variants
Added Component: Designator=R28(0805)
Add component. Clean all parameters for all variants
Added Component: Designator=R29(0805)
Add component. Clean all parameters for all variants
Added Component: Designator=R30(0805)
Add component. Clean all parameters for all variants
Added Component: Designator=R31(0805)
Add component. Clean all parameters for all variants
Added Pin To Net: NetName=5V Pin=D1-1
Added Pin To Net: NetName=GND Pin=P5_Receiver1-1
Added Pin To Net: NetName=VCC_CL_Receiver1 Pin=P5_Receiver1-6
Added Pin To Net: NetName=VCC_Receiver1 Pin=P5_Receiver1-7
Added Pin To Net: NetName=GND Pin=P5_Receiver1-8
Added Pin To Net: NetName=SEND_Receiver1 Pin=P5_Receiver1-9
Added Pin To Net: NetName=GND Pin=P5_Receiver1-10
Added Pin To Net: NetName=RETURN_Receiver1 Pin=P5_Receiver1-11
Added Pin To Net: NetName=GND Pin=P5_Receiver1-12
Added Pin To Net: NetName=GND Pin=P5_Receiver2-1
Added Pin To Net: NetName=VCC_CL_Receiver2 Pin=P5_Receiver2-6
Added Pin To Net: NetName=VCC_Receiver2 Pin=P5_Receiver2-7
Added Pin To Net: NetName=GND Pin=P5_Receiver2-8
Added Pin To Net: NetName=SEND_Receiver2 Pin=P5_Receiver2-9
Added Pin To Net: NetName=GND Pin=P5_Receiver2-10
Added Pin To Net: NetName=RETURN_Receiver2 Pin=P5_Receiver2-11
Added Pin To Net: NetName=GND Pin=P5_Receiver2-12
Added Pin To Net: NetName=5V Pin=P7-2
Added Pin To Net: NetName=5V Pin=P8-2
Added Pin To Net: NetName=5V Pin=P9-2
Added Pin To Net: NetName=5V Pin=P10-2
Added Pin To Net: NetName=5V Pin=P11-2
Added Pin To Net: NetName=5V Pin=P12-2
Added Pin To Net: NetName=5V Pin=P13-2
Added Pin To Net: NetName=GND Pin=Q3-1
Added Pin To Net: NetName=GND Pin=Q4-1
Added Pin To Net: NetName=GND Pin=Q5-1
Added Pin To Net: NetName=GND Pin=Q6-1
Added Pin To Net: NetName=GND Pin=Q7-1
Added Pin To Net: NetName=GND Pin=Q8-1
Added Pin To Net: NetName=GND Pin=Q9-1
Added Pin To Net: NetName=GND Pin=Q10-1
Added Pin To Net: NetName=NetP7_1 Pin=R16-1
Added Pin To Net: NetName=NetP8_1 Pin=R17-1
Added Pin To Net: NetName=LED0 Pin=R18-1
Added Pin To Net: NetName=LED4 Pin=R19-1
Added Pin To Net: NetName=NetP9_1 Pin=R20-1
Added Pin To Net: NetName=NetP10_1 Pin=R21-1
Added Pin To Net: NetName=LED1 Pin=R22-1
Added Pin To Net: NetName=LED5 Pin=R23-1
Added Pin To Net: NetName=NetP11_1 Pin=R24-1
Added Pin To Net: NetName=NetP12_1 Pin=R25-1
Added Pin To Net: NetName=LED2 Pin=R26-1
Added Pin To Net: NetName=LED6 Pin=R27-1
Added Pin To Net: NetName=NetP13_1 Pin=R28-1
Added Pin To Net: NetName=LED3 Pin=R30-1
Added Pin To Net: NetName=LED7 Pin=R31-1
Added Pin To Net: NetName=NetP5_Receiver1_4 Pin=U1-16
Added Pin To Net: NetName=NetP5_Receiver1_2 Pin=U1-18
Added Pin To Net: NetName=NetP5_Receiver1_3 Pin=U1-19
Added Pin To Net: NetName=NetP5_Receiver2_4 Pin=U1-34
Added Pin To Net: NetName=NetP5_Receiver2_2 Pin=U1-38
Added Pin To Net: NetName=NetP5_Receiver2_3 Pin=U1-39
Change Net Name : Old Net Name=NetR24_1 New Net Name=NetR32_1
Added Pin To Net: NetName=NetD1_2 Pin=D1-2
Added Pin To Net: NetName=NetD1_2 Pin=R29-1
Added Net: Name=NetD1_2
Added Pin To Net: NetName=NetP5_Receiver1_5 Pin=P5_Receiver1-5
Added Pin To Net: NetName=NetP5_Receiver1_5 Pin=U1-17
Added Net: Name=NetP5_Receiver1_5
Added Pin To Net: NetName=NetP5_Receiver2_5 Pin=P5_Receiver2-5
Added Pin To Net: NetName=NetP5_Receiver2_5 Pin=U1-35
Added Net: Name=NetP5_Receiver2_5
Added Pin To Net: NetName=NetQ3_2 Pin=Q3-2
Added Pin To Net: NetName=NetQ3_2 Pin=R18-2
Added Net: Name=NetQ3_2
Added Pin To Net: NetName=NetQ3_3 Pin=Q3-3
Added Pin To Net: NetName=NetQ3_3 Pin=R16-2
Added Net: Name=NetQ3_3
Added Pin To Net: NetName=NetQ4_2 Pin=Q4-2
Added Pin To Net: NetName=NetQ4_2 Pin=R19-2
Added Net: Name=NetQ4_2
Added Pin To Net: NetName=NetQ4_3 Pin=Q4-3
Added Pin To Net: NetName=NetQ4_3 Pin=R17-2
Added Net: Name=NetQ4_3
Added Pin To Net: NetName=NetQ5_2 Pin=Q5-2
Added Pin To Net: NetName=NetQ5_2 Pin=R22-2
Added Net: Name=NetQ5_2
Added Pin To Net: NetName=NetQ5_3 Pin=Q5-3
Added Pin To Net: NetName=NetQ5_3 Pin=R20-2
Added Net: Name=NetQ5_3
Added Pin To Net: NetName=NetQ6_2 Pin=Q6-2
Added Pin To Net: NetName=NetQ6_2 Pin=R23-2
Added Net: Name=NetQ6_2
Added Pin To Net: NetName=NetQ6_3 Pin=Q6-3
Added Pin To Net: NetName=NetQ6_3 Pin=R21-2
Added Net: Name=NetQ6_3
Added Pin To Net: NetName=NetQ7_2 Pin=Q7-2
Added Pin To Net: NetName=NetQ7_2 Pin=R26-2
Added Net: Name=NetQ7_2
Added Pin To Net: NetName=NetQ7_3 Pin=Q7-3
Added Pin To Net: NetName=NetQ7_3 Pin=R24-2
Added Net: Name=NetQ7_3
Added Pin To Net: NetName=NetQ8_2 Pin=Q8-2
Added Pin To Net: NetName=NetQ8_2 Pin=R27-2
Added Net: Name=NetQ8_2
Added Pin To Net: NetName=NetQ8_3 Pin=Q8-3
Added Pin To Net: NetName=NetQ8_3 Pin=R25-2
Added Net: Name=NetQ8_3
Added Pin To Net: NetName=NetQ9_2 Pin=Q9-2
Added Pin To Net: NetName=NetQ9_2 Pin=R30-2
Added Net: Name=NetQ9_2
Added Pin To Net: NetName=NetQ9_3 Pin=Q9-3
Added Pin To Net: NetName=NetQ9_3 Pin=R28-2
Added Net: Name=NetQ9_3
Added Pin To Net: NetName=NetQ10_2 Pin=Q10-2
Added Pin To Net: NetName=NetQ10_2 Pin=R31-2
Added Net: Name=NetQ10_2
Added Pin To Net: NetName=NetQ10_3 Pin=Q10-3
Added Pin To Net: NetName=NetQ10_3 Pin=R29-2
Added Net: Name=NetQ10_3
Added Member To Class: ClassName=UI Member=Component Q3 2N3904
Added Member To Class: ClassName=UI Member=Component Q4 2N3904
Added Member To Class: ClassName=UI Member=Component Q5 2N3904
Added Member To Class: ClassName=UI Member=Component Q6 2N3904
Added Member To Class: ClassName=UI Member=Component Q7 2N3904
Added Member To Class: ClassName=UI Member=Component Q8 2N3904
Added Member To Class: ClassName=UI Member=Component Q9 2N3904
Added Member To Class: ClassName=UI Member=Component Q10 2N3904
Added Member To Class: ClassName=UI Member=Component R24 180R
Added Member To Class: ClassName=UI Member=Component R25 180R
Added Member To Class: ClassName=UI Member=Component R26 47K
Added Member To Class: ClassName=UI Member=Component R27 47K
Added Member To Class: ClassName=UI Member=Component R28 180R
Added Member To Class: ClassName=UI Member=Component R29 180R
Added Member To Class: ClassName=UI Member=Component R30 47K
Added Member To Class: ClassName=UI Member=Component R31 47K
