Replace Part C6 Cap in C:\Users\NPham\Documents\ES100\ES100win\BoardRev2\BoardRev2_Routing.SchDoc with Cap from Miscellaneous Devices.IntLib
Replace Part C7 Cap in C:\Users\NPham\Documents\ES100\ES100win\BoardRev2\BoardRev2_Routing.SchDoc with Cap from Miscellaneous Devices.IntLib
Replace Part C8 Cap in C:\Users\NPham\Documents\ES100\ES100win\BoardRev2\BoardRev2_Routing.SchDoc with Cap from Miscellaneous Devices.IntLib
Replace Part C9 Cap in C:\Users\NPham\Documents\ES100\ES100win\BoardRev2\BoardRev2_Routing.SchDoc with Cap from Miscellaneous Devices.IntLib
Replace Part K1 EA2-5SNJ in C:\Users\NPham\Documents\ES100\ES100win\BoardRev2\BoardRev2_Routing.SchDoc with EA2-5SNJ from NickPhamParts3.IntLib
Replace Part K1 EA2-5SNJ in C:\Users\NPham\Documents\ES100\ES100win\BoardRev2\BoardRev2_Routing.SchDoc with EA2-5SNJ from NickPhamParts3.IntLib
Replace Part K1 EA2-5SNJ in C:\Users\NPham\Documents\ES100\ES100win\BoardRev2\BoardRev2_Routing.SchDoc with EA2-5SNJ from NickPhamParts3.IntLib
Replace Part K2 EA2-5SNJ in C:\Users\NPham\Documents\ES100\ES100win\BoardRev2\BoardRev2_Routing.SchDoc with EA2-5SNJ from NickPhamParts3.IntLib
Replace Part K2 EA2-5SNJ in C:\Users\NPham\Documents\ES100\ES100win\BoardRev2\BoardRev2_Routing.SchDoc with EA2-5SNJ from NickPhamParts3.IntLib
Replace Part K2 EA2-5SNJ in C:\Users\NPham\Documents\ES100\ES100win\BoardRev2\BoardRev2_Routing.SchDoc with EA2-5SNJ from NickPhamParts3.IntLib
Replace Part K3 EA2-5SNJ in C:\Users\NPham\Documents\ES100\ES100win\BoardRev2\BoardRev2_Routing.SchDoc with EA2-5SNJ from NickPhamParts3.IntLib
Replace Part K3 EA2-5SNJ in C:\Users\NPham\Documents\ES100\ES100win\BoardRev2\BoardRev2_Routing.SchDoc with EA2-5SNJ from NickPhamParts3.IntLib
Replace Part K3 EA2-5SNJ in C:\Users\NPham\Documents\ES100\ES100win\BoardRev2\BoardRev2_Routing.SchDoc with EA2-5SNJ from NickPhamParts3.IntLib
Replace Part K4 EA2-5SNJ in C:\Users\NPham\Documents\ES100\ES100win\BoardRev2\BoardRev2_Routing.SchDoc with EA2-5SNJ from NickPhamParts3.IntLib
Replace Part K4 EA2-5SNJ in C:\Users\NPham\Documents\ES100\ES100win\BoardRev2\BoardRev2_Routing.SchDoc with EA2-5SNJ from NickPhamParts3.IntLib
Replace Part K4 EA2-5SNJ in C:\Users\NPham\Documents\ES100\ES100win\BoardRev2\BoardRev2_Routing.SchDoc with EA2-5SNJ from NickPhamParts3.IntLib
Replace Part R1 Res1 in C:\Users\NPham\Documents\ES100\ES100win\BoardRev2\BoardRev2_Routing.SchDoc with Res1 from Miscellaneous Devices.IntLib
Replace Part R2 Res1 in C:\Users\NPham\Documents\ES100\ES100win\BoardRev2\BoardRev2_Routing.SchDoc with Res1 from Miscellaneous Devices.IntLib
Replace Part R3 Res1 in C:\Users\NPham\Documents\ES100\ES100win\BoardRev2\BoardRev2_Routing.SchDoc with Res1 from Miscellaneous Devices.IntLib
Replace Part R4 Res1 in C:\Users\NPham\Documents\ES100\ES100win\BoardRev2\BoardRev2_Routing.SchDoc with Res1 from Miscellaneous Devices.IntLib
Replace Part R5 Res1 in C:\Users\NPham\Documents\ES100\ES100win\BoardRev2\BoardRev2_Routing.SchDoc with Res1 from Miscellaneous Devices.IntLib
Replace Part U2 TL074 in C:\Users\NPham\Documents\ES100\ES100win\BoardRev2\BoardRev2_Routing.SchDoc with TL074 from NickPhamParts3.IntLib
Replace Part U2 TL074 in C:\Users\NPham\Documents\ES100\ES100win\BoardRev2\BoardRev2_Routing.SchDoc with TL074 from NickPhamParts3.IntLib
Replace Part U2 TL074 in C:\Users\NPham\Documents\ES100\ES100win\BoardRev2\BoardRev2_Routing.SchDoc with TL074 from NickPhamParts3.IntLib
Replace Part U2 TL074 in C:\Users\NPham\Documents\ES100\ES100win\BoardRev2\BoardRev2_Routing.SchDoc with TL074 from NickPhamParts3.IntLib
Replace Part U3 LV8548MC in C:\Users\NPham\Documents\ES100\ES100win\BoardRev2\BoardRev2_Routing.SchDoc with LV8548MC from NickPhamParts3.IntLib
Replace Part U3 LV8548MC in C:\Users\NPham\Documents\ES100\ES100win\BoardRev2\BoardRev2_Routing.SchDoc with LV8548MC from NickPhamParts3.IntLib
Replace Part U4 LV8548MC in C:\Users\NPham\Documents\ES100\ES100win\BoardRev2\BoardRev2_Routing.SchDoc with LV8548MC from NickPhamParts3.IntLib
Replace Part U4 LV8548MC in C:\Users\NPham\Documents\ES100\ES100win\BoardRev2\BoardRev2_Routing.SchDoc with LV8548MC from NickPhamParts3.IntLib
