Removed Pin From Net: NetName=NetC8_2 Pin=K1-4
Removed Pin From Net: NetName=NetC26_1 Pin=K1-7
Removed Pin From Net: NetName=A Pin=K1-8
Removed Pin From Net: NetName=NetC11_1 Pin=K1-10
Removed Pin From Net: NetName=A Pin=K2-2
Removed Pin From Net: NetName=B Pin=K2-4
Removed Pin From Net: NetName=GND Pin=K2-7
Removed Pin From Net: NetName=GND Pin=K2-8
Removed Pin From Net: NetName=GND Pin=K2-9
Removed Pin From Net: NetName=NetC28_1 Pin=K2-10
Removed Pin From Net: NetName=B Pin=K3-2
Removed Pin From Net: NetName=A Pin=K3-4
Removed Pin From Net: NetName=GND Pin=K3-7
Removed Pin From Net: NetName=GND Pin=K3-8
Removed Pin From Net: NetName=GND Pin=K3-9
Removed Pin From Net: NetName=NetC13_1 Pin=K3-10
Removed Pin From Net: NetName=NetC8_2 Pin=K4-4
Removed Pin From Net: NetName=NetC26_1 Pin=K4-7
Removed Pin From Net: NetName=A Pin=K4-8
Removed Pin From Net: NetName=NetC14_1 Pin=K4-10
Removed Pin From Net: NetName=NetC32_Receiver1_2 Pin=K5_Receiver1-1
Removed Pin From Net: NetName=AudioIn1 Pin=K5_Receiver1-3
Removed Pin From Net: NetName=SEND_Receiver1 Pin=K5_Receiver1-4
Removed Pin From Net: NetName=RETURN_Receiver1 Pin=K5_Receiver1-7
Removed Pin From Net: NetName=A Pin=K5_Receiver1-8
Removed Pin From Net: NetName=NetC32_Receiver1_1 Pin=K5_Receiver1-10
Removed Pin From Net: NetName=NetC32_Receiver2_2 Pin=K5_Receiver2-1
Removed Pin From Net: NetName=AudioIn2 Pin=K5_Receiver2-3
Removed Pin From Net: NetName=SEND_Receiver2 Pin=K5_Receiver2-4
Removed Pin From Net: NetName=RETURN_Receiver2 Pin=K5_Receiver2-7
Removed Pin From Net: NetName=B Pin=K5_Receiver2-8
Removed Pin From Net: NetName=NetC32_Receiver2_1 Pin=K5_Receiver2-10
Removed Member From Class: ClassName=Receiver1 Member=K5_Receiver1
Removed Member From Class: ClassName=Receiver2 Member=K5_Receiver2
Change Component Footprint: Designator=K1 Old Footprint=EA2-5SNJ New Footprint=UD2-5SNURelay
Change Component Footprint: Designator=K2 Old Footprint=EA2-5SNJ New Footprint=UD2-5SNURelay
Change Component Footprint: Designator=K3 Old Footprint=EA2-5SNJ New Footprint=UD2-5SNURelay
Change Component Footprint: Designator=K4 Old Footprint=EA2-5SNJ New Footprint=UD2-5SNURelay
Change Component Comment : Designator=K1 Old Comment=EA2-5SNJ New Comment=UD2-5SNU
Change Component Comment : Designator=K2 Old Comment=EA2-5SNJ New Comment=UD2-5SNU
Change Component Comment : Designator=K3 Old Comment=EA2-5SNJ New Comment=UD2-5SNU
Change Component Comment : Designator=K4 Old Comment=EA2-5SNJ New Comment=UD2-5SNU
Added Component: Designator=K?_Receiver1(UD2-5SNURelay)
Add component. Clean all parameters for all variants
Added Component: Designator=K?_Receiver1(UD2-5SNURelay)
Add component. Clean all parameters for all variants
Added Component: Designator=K?_Receiver1(UD2-5SNURelay)
Add component. Clean all parameters for all variants
Added Component: Designator=K?_Receiver2(UD2-5SNURelay)
Add component. Clean all parameters for all variants
Added Component: Designator=K?_Receiver2(UD2-5SNURelay)
Add component. Clean all parameters for all variants
Added Component: Designator=K?_Receiver2(UD2-5SNURelay)
Add component. Clean all parameters for all variants
Added Pin To Net: NetName=A Pin=K1-3
Added Pin To Net: NetName=NetC26_1 Pin=K1-4
Added Pin To Net: NetName=NetC8_2 Pin=K1-5
Added Pin To Net: NetName=NetC11_1 Pin=K1-8
Added Pin To Net: NetName=GND Pin=K2-2
Added Pin To Net: NetName=GND Pin=K2-3
Added Pin To Net: NetName=GND Pin=K2-4
Added Pin To Net: NetName=B Pin=K2-5
Added Pin To Net: NetName=A Pin=K2-7
Added Pin To Net: NetName=NetC28_1 Pin=K2-8
Added Pin To Net: NetName=GND Pin=K3-2
Added Pin To Net: NetName=GND Pin=K3-3
Added Pin To Net: NetName=GND Pin=K3-4
Added Pin To Net: NetName=A Pin=K3-5
Added Pin To Net: NetName=B Pin=K3-7
Added Pin To Net: NetName=NetC13_1 Pin=K3-8
Added Pin To Net: NetName=A Pin=K4-3
Added Pin To Net: NetName=NetC26_1 Pin=K4-4
Added Pin To Net: NetName=NetC8_2 Pin=K4-5
Added Pin To Net: NetName=NetC14_1 Pin=K4-8
Added Pin To Net: NetName=NetC32_Receiver1_2 Pin=K?_Receiver1-1
Added Pin To Net: NetName=AudioIn1 Pin=K?_Receiver1-3
Added Pin To Net: NetName=SEND_Receiver1 Pin=K?_Receiver1-4
Added Pin To Net: NetName=RETURN_Receiver1 Pin=K?_Receiver1-5
Added Pin To Net: NetName=A Pin=K?_Receiver1-6
Added Pin To Net: NetName=NetC32_Receiver1_1 Pin=K?_Receiver1-8
Added Pin To Net: NetName=NetC32_Receiver2_2 Pin=K?_Receiver2-1
Added Pin To Net: NetName=AudioIn2 Pin=K?_Receiver2-3
Added Pin To Net: NetName=SEND_Receiver2 Pin=K?_Receiver2-4
Added Pin To Net: NetName=RETURN_Receiver2 Pin=K?_Receiver2-5
Added Pin To Net: NetName=B Pin=K?_Receiver2-6
Added Pin To Net: NetName=NetC32_Receiver2_1 Pin=K?_Receiver2-8
Added Pin To Net: NetName=NetK1_6 Pin=K1-6
Added Pin To Net: NetName=NetK1_6 Pin=P1-2
Added Net: Name=NetK1_6
Added Pin To Net: NetName=NetK1_7 Pin=K1-7
Added Pin To Net: NetName=NetK1_7 Pin=K2-6
Added Net: Name=NetK1_7
Added Pin To Net: NetName=NetK3_6 Pin=K3-6
Added Pin To Net: NetName=NetK3_6 Pin=K4-7
Added Net: Name=NetK3_6
Added Pin To Net: NetName=NetK4_6 Pin=K4-6
Added Pin To Net: NetName=NetK4_6 Pin=P2-2
Added Net: Name=NetK4_6
Added Pin To Net: NetName=NetK?_Receiver1_2 Pin=K?_Receiver1-2
Added Pin To Net: NetName=NetK?_Receiver1_2 Pin=K?_Receiver1-7
Added Net: Name=NetK?_Receiver1_2
Added Pin To Net: NetName=NetK?_Receiver2_2 Pin=K?_Receiver2-2
Added Pin To Net: NetName=NetK?_Receiver2_2 Pin=K?_Receiver2-7
Added Net: Name=NetK?_Receiver2_2
Added Member To Class: ClassName=Receiver1 Member=Component K?_Receiver1 (K?A) UD2-5SNU
Added Member To Class: ClassName=Receiver1 Member=Component K?_Receiver1 (K?A) UD2-5SNU
Added Member To Class: ClassName=Receiver1 Member=Component K?_Receiver1 (K?A) UD2-5SNU
Added Member To Class: ClassName=Receiver2 Member=Component K?_Receiver2 (K?A) UD2-5SNU
Added Member To Class: ClassName=Receiver2 Member=Component K?_Receiver2 (K?A) UD2-5SNU
Added Member To Class: ClassName=Receiver2 Member=Component K?_Receiver2 (K?A) UD2-5SNU
