Added Component: Designator=J1(PogoPinElectrode)
Add component. Clean all parameters for all variants
Added Component: Designator=J2(PogoPinElectrode)
Add component. Clean all parameters for all variants
Added Component: Designator=J3(PogoPinElectrode)
Add component. Clean all parameters for all variants
Added Component: Designator=J4(PogoPinElectrode)
Add component. Clean all parameters for all variants
Added Component: Designator=J5(PogoPinElectrode)
Add component. Clean all parameters for all variants
Added Component: Designator=J6(PogoPinElectrode)
Add component. Clean all parameters for all variants
Added Component: Designator=J7(PogoPinElectrode)
Add component. Clean all parameters for all variants
Added Component: Designator=J8(PogoPinElectrode)
Add component. Clean all parameters for all variants
Added Component: Designator=P1(HDR1X2)
Add component. Clean all parameters for all variants
Add component (AddParameter): Name = "LatestRevisionDate"; Value = "17-Jul-2002"; VariantName = "[No Variations]"
Add component (AddParameter): Name = "LatestRevisionNote"; Value = "Re-released for DXP Platform."; VariantName = "[No Variations]"
Add component (AddParameter): Name = "Publisher"; Value = "Altium Limited"; VariantName = "[No Variations]"
Added Component: Designator=P2(HDR1X2)
Add component. Clean all parameters for all variants
Add component (AddParameter): Name = "LatestRevisionDate"; Value = "17-Jul-2002"; VariantName = "[No Variations]"
Add component (AddParameter): Name = "LatestRevisionNote"; Value = "Re-released for DXP Platform."; VariantName = "[No Variations]"
Add component (AddParameter): Name = "Publisher"; Value = "Altium Limited"; VariantName = "[No Variations]"
Added Component: Designator=P3(HDR1X2)
Add component. Clean all parameters for all variants
Add component (AddParameter): Name = "LatestRevisionDate"; Value = "17-Jul-2002"; VariantName = "[No Variations]"
Add component (AddParameter): Name = "LatestRevisionNote"; Value = "Re-released for DXP Platform."; VariantName = "[No Variations]"
Add component (AddParameter): Name = "Publisher"; Value = "Altium Limited"; VariantName = "[No Variations]"
Added Component: Designator=P4(HDR1X2)
Add component. Clean all parameters for all variants
Add component (AddParameter): Name = "LatestRevisionDate"; Value = "17-Jul-2002"; VariantName = "[No Variations]"
Add component (AddParameter): Name = "LatestRevisionNote"; Value = "Re-released for DXP Platform."; VariantName = "[No Variations]"
Add component (AddParameter): Name = "Publisher"; Value = "Altium Limited"; VariantName = "[No Variations]"
Added Component: Designator=P5(HDR1X2)
Add component. Clean all parameters for all variants
Add component (AddParameter): Name = "LatestRevisionDate"; Value = "17-Jul-2002"; VariantName = "[No Variations]"
Add component (AddParameter): Name = "LatestRevisionNote"; Value = "Re-released for DXP Platform."; VariantName = "[No Variations]"
Add component (AddParameter): Name = "Publisher"; Value = "Altium Limited"; VariantName = "[No Variations]"
Added Component: Designator=P6(HDR1X2)
Add component. Clean all parameters for all variants
Add component (AddParameter): Name = "LatestRevisionDate"; Value = "17-Jul-2002"; VariantName = "[No Variations]"
Add component (AddParameter): Name = "LatestRevisionNote"; Value = "Re-released for DXP Platform."; VariantName = "[No Variations]"
Add component (AddParameter): Name = "Publisher"; Value = "Altium Limited"; VariantName = "[No Variations]"
Added Component: Designator=S1(DIP-4)
Add component. Clean all parameters for all variants
Add component (AddParameter): Name = "LatestRevisionDate"; Value = "17-Jul-2002"; VariantName = "[No Variations]"
Add component (AddParameter): Name = "LatestRevisionNote"; Value = "Re-released for DXP Platform."; VariantName = "[No Variations]"
Add component (AddParameter): Name = "PackageReference"; Value = "DIP-4"; VariantName = "[No Variations]"
Add component (AddParameter): Name = "Published"; Value = "24-Mar-1999"; VariantName = "[No Variations]"
Add component (AddParameter): Name = "Publisher"; Value = "Altium Limited"; VariantName = "[No Variations]"
Added Pin To Net: NetName=Detect0 Pin=J1-1
Added Pin To Net: NetName=Detect0 Pin=J4-1
Added Pin To Net: NetName=Detect0 Pin=J5-1
Added Pin To Net: NetName=Detect0 Pin=P1-2
Added Pin To Net: NetName=Detect0 Pin=P2-2
Added Pin To Net: NetName=Detect0 Pin=P3-2
Added Pin To Net: NetName=Detect0 Pin=P4-2
Added Pin To Net: NetName=Detect0 Pin=P5-2
Added Pin To Net: NetName=Detect0 Pin=P6-2
Added Pin To Net: NetName=Detect0 Pin=S1-1
Added Pin To Net: NetName=Detect0 Pin=S1-2
Added Net: Name=Detect0
Added Pin To Net: NetName=NetJ2_1 Pin=J2-1
Added Pin To Net: NetName=NetJ2_1 Pin=P1-1
Added Pin To Net: NetName=NetJ2_1 Pin=P3-1
Added Net: Name=NetJ2_1
Added Pin To Net: NetName=NetJ8_1 Pin=J8-1
Added Pin To Net: NetName=NetJ8_1 Pin=P2-1
Added Pin To Net: NetName=NetJ8_1 Pin=P4-1
Added Net: Name=NetJ8_1
Added Pin To Net: NetName=PWR_SLT0 Pin=J7-1
Added Pin To Net: NetName=PWR_SLT0 Pin=S1-3
Added Net: Name=PWR_SLT0
Added Pin To Net: NetName=PWR_SLT1 Pin=J6-1
Added Pin To Net: NetName=PWR_SLT1 Pin=S1-4
Added Net: Name=PWR_SLT1
Added Pin To Net: NetName=SEND Pin=J3-1
Added Pin To Net: NetName=SEND Pin=P5-1
Added Pin To Net: NetName=SEND Pin=P6-1
Added Net: Name=SEND
Added Class: Name=Plate
Added Room: Name=Plate
